{"/home/p3nguin/windsurf/src/gamedev/new/src/components/GameBoard.tsx": {"path":"/home/p3nguin/windsurf/src/gamedev/new/src/components/GameBoard.tsx","statementMap":{"0":{"start":{"line":32,"column":73},"end":{"line":34,"column":1}},"1":{"start":{"line":33,"column":56},"end":{"line":33,"column":87}},"2":{"start":{"line":37,"column":21},"end":{"line":37,"column":36}},"3":{"start":{"line":38,"column":23},"end":{"line":38,"column":32}},"4":{"start":{"line":39,"column":36},"end":{"line":44,"column":5}},"5":{"start":{"line":39,"column":63},"end":{"line":44,"column":3}},"6":{"start":{"line":45,"column":30},"end":{"line":45,"column":41}},"7":{"start":{"line":46,"column":34},"end":{"line":46,"column":45}},"8":{"start":{"line":47,"column":34},"end":{"line":47,"column":49}},"9":{"start":{"line":48,"column":50},"end":{"line":48,"column":61}},"10":{"start":{"line":49,"column":52},"end":{"line":49,"column":67}},"11":{"start":{"line":50,"column":42},"end":{"line":50,"column":57}},"12":{"start":{"line":53,"column":2},"end":{"line":79,"column":9}},"13":{"start":{"line":54,"column":4},"end":{"line":54,"column":30}},"14":{"start":{"line":55,"column":4},"end":{"line":55,"column":30}},"15":{"start":{"line":57,"column":4},"end":{"line":61,"column":7}},"16":{"start":{"line":58,"column":6},"end":{"line":58,"column":58}},"17":{"start":{"line":59,"column":6},"end":{"line":59,"column":66}},"18":{"start":{"line":60,"column":6},"end":{"line":60,"column":58}},"19":{"start":{"line":63,"column":4},"end":{"line":65,"column":7}},"20":{"start":{"line":64,"column":6},"end":{"line":64,"column":45}},"21":{"start":{"line":68,"column":4},"end":{"line":74,"column":7}},"22":{"start":{"line":69,"column":6},"end":{"line":73,"column":7}},"23":{"start":{"line":70,"column":8},"end":{"line":70,"column":33}},"24":{"start":{"line":71,"column":8},"end":{"line":71,"column":31}},"25":{"start":{"line":72,"column":8},"end":{"line":72,"column":35}},"26":{"start":{"line":76,"column":4},"end":{"line":78,"column":6}},"27":{"start":{"line":77,"column":6},"end":{"line":77,"column":29}},"28":{"start":{"line":82,"column":21},"end":{"line":82,"column":38}},"29":{"start":{"line":83,"column":25},"end":{"line":83,"column":42}},"30":{"start":{"line":84,"column":26},"end":{"line":84,"column":43}},"31":{"start":{"line":85,"column":25},"end":{"line":85,"column":42}},"32":{"start":{"line":86,"column":23},"end":{"line":86,"column":42}},"33":{"start":{"line":87,"column":22},"end":{"line":87,"column":91}},"34":{"start":{"line":87,"column":64},"end":{"line":87,"column":81}},"35":{"start":{"line":88,"column":27},"end":{"line":88,"column":44}},"36":{"start":{"line":91,"column":2},"end":{"line":96,"column":24}},"37":{"start":{"line":92,"column":4},"end":{"line":95,"column":6}},"38":{"start":{"line":99,"column":2},"end":{"line":108,"column":27}},"39":{"start":{"line":100,"column":4},"end":{"line":103,"column":6}},"40":{"start":{"line":104,"column":4},"end":{"line":107,"column":6}},"41":{"start":{"line":110,"column":28},"end":{"line":225,"column":148}},"42":{"start":{"line":111,"column":4},"end":{"line":111,"column":47}},"43":{"start":{"line":111,"column":40},"end":{"line":111,"column":47}},"44":{"start":{"line":114,"column":4},"end":{"line":117,"column":6}},"45":{"start":{"line":119,"column":4},"end":{"line":154,"column":5}},"46":{"start":{"line":121,"column":6},"end":{"line":121,"column":58}},"47":{"start":{"line":121,"column":28},"end":{"line":121,"column":55}},"48":{"start":{"line":123,"column":6},"end":{"line":123,"column":62}},"49":{"start":{"line":124,"column":6},"end":{"line":124,"column":74}},"50":{"start":{"line":126,"column":6},"end":{"line":126,"column":62}},"51":{"start":{"line":127,"column":6},"end":{"line":127,"column":74}},"52":{"start":{"line":129,"column":6},"end":{"line":129,"column":62}},"53":{"start":{"line":130,"column":6},"end":{"line":130,"column":74}},"54":{"start":{"line":132,"column":6},"end":{"line":132,"column":53}},"55":{"start":{"line":133,"column":6},"end":{"line":133,"column":41}},"56":{"start":{"line":136,"column":6},"end":{"line":152,"column":7}},"57":{"start":{"line":137,"column":8},"end":{"line":137,"column":35}},"58":{"start":{"line":138,"column":8},"end":{"line":151,"column":11}},"59":{"start":{"line":144,"column":10},"end":{"line":146,"column":11}},"60":{"start":{"line":145,"column":12},"end":{"line":145,"column":68}},"61":{"start":{"line":148,"column":10},"end":{"line":148,"column":56}},"62":{"start":{"line":150,"column":10},"end":{"line":150,"column":38}},"63":{"start":{"line":153,"column":6},"end":{"line":153,"column":13}},"64":{"start":{"line":156,"column":48},"end":{"line":160,"column":5}},"65":{"start":{"line":161,"column":21},"end":{"line":161,"column":40}},"66":{"start":{"line":164,"column":21},"end":{"line":164,"column":22}},"67":{"start":{"line":165,"column":18},"end":{"line":165,"column":26}},"68":{"start":{"line":166,"column":24},"end":{"line":166,"column":25}},"69":{"start":{"line":169,"column":4},"end":{"line":180,"column":5}},"70":{"start":{"line":169,"column":19},"end":{"line":169,"column":20}},"71":{"start":{"line":170,"column":6},"end":{"line":179,"column":7}},"72":{"start":{"line":170,"column":19},"end":{"line":170,"column":20}},"73":{"start":{"line":171,"column":21},"end":{"line":171,"column":36}},"74":{"start":{"line":172,"column":8},"end":{"line":178,"column":9}},"75":{"start":{"line":173,"column":10},"end":{"line":176,"column":11}},"76":{"start":{"line":174,"column":12},"end":{"line":174,"column":25}},"77":{"start":{"line":175,"column":12},"end":{"line":175,"column":71}},"78":{"start":{"line":175,"column":44},"end":{"line":175,"column":71}},"79":{"start":{"line":177,"column":10},"end":{"line":177,"column":57}},"80":{"start":{"line":177,"column":36},"end":{"line":177,"column":57}},"81":{"start":{"line":182,"column":23},"end":{"line":182,"column":50}},"82":{"start":{"line":185,"column":4},"end":{"line":185,"column":35}},"83":{"start":{"line":186,"column":4},"end":{"line":188,"column":5}},"84":{"start":{"line":187,"column":6},"end":{"line":187,"column":38}},"85":{"start":{"line":190,"column":4},"end":{"line":190,"column":41}},"86":{"start":{"line":190,"column":22},"end":{"line":190,"column":39}},"87":{"start":{"line":191,"column":4},"end":{"line":191,"column":25}},"88":{"start":{"line":193,"column":4},"end":{"line":216,"column":5}},"89":{"start":{"line":195,"column":6},"end":{"line":195,"column":60}},"90":{"start":{"line":196,"column":6},"end":{"line":196,"column":41}},"91":{"start":{"line":199,"column":6},"end":{"line":215,"column":7}},"92":{"start":{"line":200,"column":8},"end":{"line":200,"column":35}},"93":{"start":{"line":201,"column":8},"end":{"line":214,"column":11}},"94":{"start":{"line":207,"column":10},"end":{"line":209,"column":11}},"95":{"start":{"line":208,"column":12},"end":{"line":208,"column":68}},"96":{"start":{"line":211,"column":10},"end":{"line":211,"column":56}},"97":{"start":{"line":213,"column":10},"end":{"line":213,"column":38}},"98":{"start":{"line":218,"column":4},"end":{"line":224,"column":7}},"99":{"start":{"line":227,"column":25},"end":{"line":238,"column":8}},"100":{"start":{"line":229,"column":4},"end":{"line":229,"column":21}},"101":{"start":{"line":230,"column":4},"end":{"line":235,"column":7}},"102":{"start":{"line":236,"column":4},"end":{"line":236,"column":17}},"103":{"start":{"line":237,"column":4},"end":{"line":237,"column":19}},"104":{"start":{"line":240,"column":27},"end":{"line":251,"column":34}},"105":{"start":{"line":241,"column":4},"end":{"line":244,"column":6}},"106":{"start":{"line":245,"column":4},"end":{"line":249,"column":5}},"107":{"start":{"line":246,"column":6},"end":{"line":246,"column":38}},"108":{"start":{"line":248,"column":6},"end":{"line":248,"column":39}},"109":{"start":{"line":250,"column":4},"end":{"line":250,"column":27}},"110":{"start":{"line":253,"column":23},"end":{"line":256,"column":8}},"111":{"start":{"line":254,"column":4},"end":{"line":254,"column":37}},"112":{"start":{"line":255,"column":4},"end":{"line":255,"column":23}},"113":{"start":{"line":258,"column":24},"end":{"line":261,"column":22}},"114":{"start":{"line":259,"column":4},"end":{"line":259,"column":23}},"115":{"start":{"line":260,"column":4},"end":{"line":260,"column":21}},"116":{"start":{"line":263,"column":21},"end":{"line":269,"column":47}},"117":{"start":{"line":265,"column":4},"end":{"line":267,"column":5}},"118":{"start":{"line":266,"column":6},"end":{"line":266,"column":49}},"119":{"start":{"line":268,"column":4},"end":{"line":268,"column":24}},"120":{"start":{"line":271,"column":26},"end":{"line":277,"column":47}},"121":{"start":{"line":273,"column":4},"end":{"line":275,"column":5}},"122":{"start":{"line":274,"column":6},"end":{"line":274,"column":49}},"123":{"start":{"line":276,"column":4},"end":{"line":276,"column":24}},"124":{"start":{"line":279,"column":20},"end":{"line":279,"column":105}},"125":{"start":{"line":279,"column":34},"end":{"line":279,"column":82}},"126":{"start":{"line":281,"column":29},"end":{"line":283,"column":9}},"127":{"start":{"line":281,"column":53},"end":{"line":283,"column":3}},"128":{"start":{"line":285,"column":33},"end":{"line":287,"column":9}},"129":{"start":{"line":285,"column":57},"end":{"line":287,"column":3}},"130":{"start":{"line":289,"column":35},"end":{"line":291,"column":9}},"131":{"start":{"line":289,"column":59},"end":{"line":291,"column":3}},"132":{"start":{"line":293,"column":2},"end":{"line":422,"column":4}},"133":{"start":{"line":330,"column":37},"end":{"line":332,"column":17}},"134":{"start":{"line":330,"column":61},"end":{"line":332,"column":11}},"135":{"start":{"line":333,"column":10},"end":{"line":342,"column":12}},"136":{"start":{"line":337,"column":29},"end":{"line":337,"column":49}},"137":{"start":{"line":419,"column":23},"end":{"line":419,"column":45}},"138":{"start":{"line":427,"column":15},"end":{"line":638,"column":2}}},"fnMap":{"0":{"name":"(anonymous_0)","decl":{"start":{"line":33,"column":44},"end":{"line":33,"column":45}},"loc":{"start":{"line":33,"column":56},"end":{"line":33,"column":87}},"line":33},"1":{"name":"GameBoard","decl":{"start":{"line":36,"column":9},"end":{"line":36,"column":18}},"loc":{"start":{"line":36,"column":21},"end":{"line":423,"column":1}},"line":36},"2":{"name":"(anonymous_2)","decl":{"start":{"line":39,"column":56},"end":{"line":39,"column":57}},"loc":{"start":{"line":39,"column":63},"end":{"line":44,"column":3}},"line":39},"3":{"name":"(anonymous_3)","decl":{"start":{"line":53,"column":12},"end":{"line":53,"column":13}},"loc":{"start":{"line":53,"column":18},"end":{"line":79,"column":3}},"line":53},"4":{"name":"(anonymous_4)","decl":{"start":{"line":57,"column":24},"end":{"line":57,"column":25}},"loc":{"start":{"line":57,"column":36},"end":{"line":61,"column":5}},"line":57},"5":{"name":"(anonymous_5)","decl":{"start":{"line":63,"column":21},"end":{"line":63,"column":22}},"loc":{"start":{"line":63,"column":30},"end":{"line":65,"column":5}},"line":63},"6":{"name":"(anonymous_6)","decl":{"start":{"line":68,"column":25},"end":{"line":68,"column":26}},"loc":{"start":{"line":68,"column":102},"end":{"line":74,"column":5}},"line":68},"7":{"name":"(anonymous_7)","decl":{"start":{"line":76,"column":11},"end":{"line":76,"column":12}},"loc":{"start":{"line":76,"column":17},"end":{"line":78,"column":5}},"line":76},"8":{"name":"(anonymous_8)","decl":{"start":{"line":87,"column":58},"end":{"line":87,"column":59}},"loc":{"start":{"line":87,"column":64},"end":{"line":87,"column":81}},"line":87},"9":{"name":"(anonymous_9)","decl":{"start":{"line":91,"column":12},"end":{"line":91,"column":13}},"loc":{"start":{"line":91,"column":18},"end":{"line":96,"column":3}},"line":91},"10":{"name":"(anonymous_10)","decl":{"start":{"line":99,"column":12},"end":{"line":99,"column":13}},"loc":{"start":{"line":99,"column":18},"end":{"line":108,"column":3}},"line":99},"11":{"name":"(anonymous_11)","decl":{"start":{"line":110,"column":40},"end":{"line":110,"column":41}},"loc":{"start":{"line":110,"column":57},"end":{"line":225,"column":3}},"line":110},"12":{"name":"(anonymous_12)","decl":{"start":{"line":121,"column":19},"end":{"line":121,"column":20}},"loc":{"start":{"line":121,"column":28},"end":{"line":121,"column":55}},"line":121},"13":{"name":"(anonymous_13)","decl":{"start":{"line":143,"column":15},"end":{"line":143,"column":16}},"loc":{"start":{"line":143,"column":25},"end":{"line":147,"column":9}},"line":143},"14":{"name":"(anonymous_14)","decl":{"start":{"line":147,"column":17},"end":{"line":147,"column":18}},"loc":{"start":{"line":147,"column":24},"end":{"line":149,"column":9}},"line":147},"15":{"name":"(anonymous_15)","decl":{"start":{"line":149,"column":19},"end":{"line":149,"column":20}},"loc":{"start":{"line":149,"column":25},"end":{"line":151,"column":9}},"line":149},"16":{"name":"(anonymous_16)","decl":{"start":{"line":190,"column":14},"end":{"line":190,"column":15}},"loc":{"start":{"line":190,"column":22},"end":{"line":190,"column":39}},"line":190},"17":{"name":"(anonymous_17)","decl":{"start":{"line":206,"column":15},"end":{"line":206,"column":16}},"loc":{"start":{"line":206,"column":25},"end":{"line":210,"column":9}},"line":206},"18":{"name":"(anonymous_18)","decl":{"start":{"line":210,"column":17},"end":{"line":210,"column":18}},"loc":{"start":{"line":210,"column":24},"end":{"line":212,"column":9}},"line":210},"19":{"name":"(anonymous_19)","decl":{"start":{"line":212,"column":19},"end":{"line":212,"column":20}},"loc":{"start":{"line":212,"column":25},"end":{"line":214,"column":9}},"line":212},"20":{"name":"(anonymous_20)","decl":{"start":{"line":227,"column":37},"end":{"line":227,"column":38}},"loc":{"start":{"line":227,"column":43},"end":{"line":238,"column":3}},"line":227},"21":{"name":"(anonymous_21)","decl":{"start":{"line":240,"column":39},"end":{"line":240,"column":40}},"loc":{"start":{"line":240,"column":45},"end":{"line":251,"column":3}},"line":240},"22":{"name":"(anonymous_22)","decl":{"start":{"line":253,"column":35},"end":{"line":253,"column":36}},"loc":{"start":{"line":253,"column":41},"end":{"line":256,"column":3}},"line":253},"23":{"name":"(anonymous_23)","decl":{"start":{"line":258,"column":36},"end":{"line":258,"column":37}},"loc":{"start":{"line":258,"column":42},"end":{"line":261,"column":3}},"line":258},"24":{"name":"(anonymous_24)","decl":{"start":{"line":263,"column":33},"end":{"line":263,"column":34}},"loc":{"start":{"line":263,"column":39},"end":{"line":269,"column":3}},"line":263},"25":{"name":"(anonymous_25)","decl":{"start":{"line":271,"column":38},"end":{"line":271,"column":39}},"loc":{"start":{"line":271,"column":44},"end":{"line":277,"column":3}},"line":271},"26":{"name":"(anonymous_26)","decl":{"start":{"line":279,"column":28},"end":{"line":279,"column":29}},"loc":{"start":{"line":279,"column":34},"end":{"line":279,"column":82}},"line":279},"27":{"name":"(anonymous_27)","decl":{"start":{"line":281,"column":46},"end":{"line":281,"column":47}},"loc":{"start":{"line":281,"column":53},"end":{"line":283,"column":3}},"line":281},"28":{"name":"(anonymous_28)","decl":{"start":{"line":285,"column":50},"end":{"line":285,"column":51}},"loc":{"start":{"line":285,"column":57},"end":{"line":287,"column":3}},"line":285},"29":{"name":"(anonymous_29)","decl":{"start":{"line":289,"column":52},"end":{"line":289,"column":53}},"loc":{"start":{"line":289,"column":59},"end":{"line":291,"column":3}},"line":289},"30":{"name":"(anonymous_30)","decl":{"start":{"line":329,"column":41},"end":{"line":329,"column":42}},"loc":{"start":{"line":329,"column":51},"end":{"line":343,"column":9}},"line":329},"31":{"name":"(anonymous_31)","decl":{"start":{"line":330,"column":54},"end":{"line":330,"column":55}},"loc":{"start":{"line":330,"column":61},"end":{"line":332,"column":11}},"line":330},"32":{"name":"(anonymous_32)","decl":{"start":{"line":337,"column":23},"end":{"line":337,"column":24}},"loc":{"start":{"line":337,"column":29},"end":{"line":337,"column":49}},"line":337},"33":{"name":"(anonymous_33)","decl":{"start":{"line":419,"column":17},"end":{"line":419,"column":18}},"loc":{"start":{"line":419,"column":23},"end":{"line":419,"column":45}},"line":419}},"branchMap":{"0":{"loc":{"start":{"line":33,"column":17},"end":{"line":33,"column":38}},"type":"binary-expr","locations":[{"start":{"line":33,"column":17},"end":{"line":33,"column":32}},{"start":{"line":33,"column":36},"end":{"line":33,"column":38}}],"line":33},"1":{"loc":{"start":{"line":69,"column":6},"end":{"line":73,"column":7}},"type":"if","locations":[{"start":{"line":69,"column":6},"end":{"line":73,"column":7}},{"start":{},"end":{}}],"line":69},"2":{"loc":{"start":{"line":69,"column":10},"end":{"line":69,"column":44}},"type":"binary-expr","locations":[{"start":{"line":69,"column":10},"end":{"line":69,"column":20}},{"start":{"line":69,"column":24},"end":{"line":69,"column":44}}],"line":69},"3":{"loc":{"start":{"line":111,"column":4},"end":{"line":111,"column":47}},"type":"if","locations":[{"start":{"line":111,"column":4},"end":{"line":111,"column":47}},{"start":{},"end":{}}],"line":111},"4":{"loc":{"start":{"line":111,"column":8},"end":{"line":111,"column":38}},"type":"binary-expr","locations":[{"start":{"line":111,"column":8},"end":{"line":111,"column":26}},{"start":{"line":111,"column":30},"end":{"line":111,"column":38}}],"line":111},"5":{"loc":{"start":{"line":119,"column":4},"end":{"line":154,"column":5}},"type":"if","locations":[{"start":{"line":119,"column":4},"end":{"line":154,"column":5}},{"start":{},"end":{}}],"line":119},"6":{"loc":{"start":{"line":136,"column":6},"end":{"line":152,"column":7}},"type":"if","locations":[{"start":{"line":136,"column":6},"end":{"line":152,"column":7}},{"start":{},"end":{}}],"line":136},"7":{"loc":{"start":{"line":144,"column":10},"end":{"line":146,"column":11}},"type":"if","locations":[{"start":{"line":144,"column":10},"end":{"line":146,"column":11}},{"start":{},"end":{}}],"line":144},"8":{"loc":{"start":{"line":172,"column":8},"end":{"line":178,"column":9}},"type":"if","locations":[{"start":{"line":172,"column":8},"end":{"line":178,"column":9}},{"start":{},"end":{}}],"line":172},"9":{"loc":{"start":{"line":173,"column":10},"end":{"line":176,"column":11}},"type":"if","locations":[{"start":{"line":173,"column":10},"end":{"line":176,"column":11}},{"start":{},"end":{}}],"line":173},"10":{"loc":{"start":{"line":175,"column":12},"end":{"line":175,"column":71}},"type":"if","locations":[{"start":{"line":175,"column":12},"end":{"line":175,"column":71}},{"start":{},"end":{}}],"line":175},"11":{"loc":{"start":{"line":177,"column":10},"end":{"line":177,"column":57}},"type":"if","locations":[{"start":{"line":177,"column":10},"end":{"line":177,"column":57}},{"start":{},"end":{}}],"line":177},"12":{"loc":{"start":{"line":186,"column":4},"end":{"line":188,"column":5}},"type":"if","locations":[{"start":{"line":186,"column":4},"end":{"line":188,"column":5}},{"start":{},"end":{}}],"line":186},"13":{"loc":{"start":{"line":193,"column":4},"end":{"line":216,"column":5}},"type":"if","locations":[{"start":{"line":193,"column":4},"end":{"line":216,"column":5}},{"start":{},"end":{}}],"line":193},"14":{"loc":{"start":{"line":199,"column":6},"end":{"line":215,"column":7}},"type":"if","locations":[{"start":{"line":199,"column":6},"end":{"line":215,"column":7}},{"start":{},"end":{}}],"line":199},"15":{"loc":{"start":{"line":207,"column":10},"end":{"line":209,"column":11}},"type":"if","locations":[{"start":{"line":207,"column":10},"end":{"line":209,"column":11}},{"start":{},"end":{}}],"line":207},"16":{"loc":{"start":{"line":222,"column":16},"end":{"line":222,"column":67}},"type":"cond-expr","locations":[{"start":{"line":222,"column":27},"end":{"line":222,"column":45}},{"start":{"line":222,"column":48},"end":{"line":222,"column":67}}],"line":222},"17":{"loc":{"start":{"line":223,"column":22},"end":{"line":223,"column":48}},"type":"binary-expr","locations":[{"start":{"line":223,"column":22},"end":{"line":223,"column":35}},{"start":{"line":223,"column":39},"end":{"line":223,"column":48}}],"line":223},"18":{"loc":{"start":{"line":245,"column":4},"end":{"line":249,"column":5}},"type":"if","locations":[{"start":{"line":245,"column":4},"end":{"line":249,"column":5}},{"start":{"line":247,"column":11},"end":{"line":249,"column":5}}],"line":245},"19":{"loc":{"start":{"line":265,"column":4},"end":{"line":267,"column":5}},"type":"if","locations":[{"start":{"line":265,"column":4},"end":{"line":267,"column":5}},{"start":{},"end":{}}],"line":265},"20":{"loc":{"start":{"line":273,"column":4},"end":{"line":275,"column":5}},"type":"if","locations":[{"start":{"line":273,"column":4},"end":{"line":275,"column":5}},{"start":{},"end":{}}],"line":273},"21":{"loc":{"start":{"line":279,"column":34},"end":{"line":279,"column":82}},"type":"binary-expr","locations":[{"start":{"line":279,"column":34},"end":{"line":279,"column":69}},{"start":{"line":279,"column":73},"end":{"line":279,"column":82}}],"line":279},"22":{"loc":{"start":{"line":352,"column":7},"end":{"line":383,"column":7}},"type":"binary-expr","locations":[{"start":{"line":352,"column":7},"end":{"line":352,"column":25}},{"start":{"line":353,"column":8},"end":{"line":382,"column":15}}],"line":352},"23":{"loc":{"start":{"line":361,"column":13},"end":{"line":363,"column":13}},"type":"binary-expr","locations":[{"start":{"line":361,"column":13},"end":{"line":361,"column":30}},{"start":{"line":362,"column":14},"end":{"line":362,"column":76}}],"line":361},"24":{"loc":{"start":{"line":365,"column":41},"end":{"line":365,"column":87}},"type":"binary-expr","locations":[{"start":{"line":365,"column":41},"end":{"line":365,"column":58}},{"start":{"line":365,"column":62},"end":{"line":365,"column":87}}],"line":365},"25":{"loc":{"start":{"line":371,"column":17},"end":{"line":371,"column":67}},"type":"cond-expr","locations":[{"start":{"line":371,"column":37},"end":{"line":371,"column":52}},{"start":{"line":371,"column":55},"end":{"line":371,"column":67}}],"line":371},"26":{"loc":{"start":{"line":386,"column":7},"end":{"line":414,"column":7}},"type":"binary-expr","locations":[{"start":{"line":386,"column":7},"end":{"line":386,"column":15}},{"start":{"line":387,"column":8},"end":{"line":413,"column":15}}],"line":386},"27":{"loc":{"start":{"line":418,"column":17},"end":{"line":418,"column":65}},"type":"binary-expr","locations":[{"start":{"line":418,"column":17},"end":{"line":418,"column":29}},{"start":{"line":418,"column":33},"end":{"line":418,"column":42}},{"start":{"line":418,"column":46},"end":{"line":418,"column":65}}],"line":418}},"s":{"0":0,"1":0,"2":0,"3":0,"4":0,"5":0,"6":0,"7":0,"8":0,"9":0,"10":0,"11":0,"12":0,"13":0,"14":0,"15":0,"16":0,"17":0,"18":0,"19":0,"20":0,"21":0,"22":0,"23":0,"24":0,"25":0,"26":0,"27":0,"28":0,"29":0,"30":0,"31":0,"32":0,"33":0,"34":0,"35":0,"36":0,"37":0,"38":0,"39":0,"40":0,"41":0,"42":0,"43":0,"44":0,"45":0,"46":0,"47":0,"48":0,"49":0,"50":0,"51":0,"52":0,"53":0,"54":0,"55":0,"56":0,"57":0,"58":0,"59":0,"60":0,"61":0,"62":0,"63":0,"64":0,"65":0,"66":0,"67":0,"68":0,"69":0,"70":0,"71":0,"72":0,"73":0,"74":0,"75":0,"76":0,"77":0,"78":0,"79":0,"80":0,"81":0,"82":0,"83":0,"84":0,"85":0,"86":0,"87":0,"88":0,"89":0,"90":0,"91":0,"92":0,"93":0,"94":0,"95":0,"96":0,"97":0,"98":0,"99":0,"100":0,"101":0,"102":0,"103":0,"104":0,"105":0,"106":0,"107":0,"108":0,"109":0,"110":0,"111":0,"112":0,"113":0,"114":0,"115":0,"116":0,"117":0,"118":0,"119":0,"120":0,"121":0,"122":0,"123":0,"124":0,"125":0,"126":0,"127":0,"128":0,"129":0,"130":0,"131":0,"132":0,"133":0,"134":0,"135":0,"136":0,"137":0,"138":0},"f":{"0":0,"1":0,"2":0,"3":0,"4":0,"5":0,"6":0,"7":0,"8":0,"9":0,"10":0,"11":0,"12":0,"13":0,"14":0,"15":0,"16":0,"17":0,"18":0,"19":0,"20":0,"21":0,"22":0,"23":0,"24":0,"25":0,"26":0,"27":0,"28":0,"29":0,"30":0,"31":0,"32":0,"33":0},"b":{"0":[0,0],"1":[0,0],"2":[0,0],"3":[0,0],"4":[0,0],"5":[0,0],"6":[0,0],"7":[0,0],"8":[0,0],"9":[0,0],"10":[0,0],"11":[0,0],"12":[0,0],"13":[0,0],"14":[0,0],"15":[0,0],"16":[0,0],"17":[0,0],"18":[0,0],"19":[0,0],"20":[0,0],"21":[0,0],"22":[0,0],"23":[0,0],"24":[0,0],"25":[0,0],"26":[0,0],"27":[0,0,0]}}
,"/home/p3nguin/windsurf/src/gamedev/new/src/components/Grid.tsx": {"path":"/home/p3nguin/windsurf/src/gamedev/new/src/components/Grid.tsx","statementMap":{"0":{"start":{"line":13,"column":2},"end":{"line":41,"column":4}},"1":{"start":{"line":16,"column":8},"end":{"line":38,"column":15}},"2":{"start":{"line":18,"column":12},"end":{"line":36,"column":19}},"3":{"start":{"line":22,"column":33},"end":{"line":22,"column":56}},"4":{"start":{"line":32,"column":33},"end":{"line":32,"column":56}},"5":{"start":{"line":46,"column":15},"end":{"line":85,"column":2}}},"fnMap":{"0":{"name":"Grid","decl":{"start":{"line":12,"column":9},"end":{"line":12,"column":13}},"loc":{"start":{"line":12,"column":50},"end":{"line":42,"column":1}},"line":12},"1":{"name":"(anonymous_1)","decl":{"start":{"line":15,"column":16},"end":{"line":15,"column":17}},"loc":{"start":{"line":16,"column":8},"end":{"line":38,"column":15}},"line":16},"2":{"name":"(anonymous_2)","decl":{"start":{"line":17,"column":19},"end":{"line":17,"column":20}},"loc":{"start":{"line":18,"column":12},"end":{"line":36,"column":19}},"line":18},"3":{"name":"(anonymous_3)","decl":{"start":{"line":22,"column":27},"end":{"line":22,"column":28}},"loc":{"start":{"line":22,"column":33},"end":{"line":22,"column":56}},"line":22},"4":{"name":"(anonymous_4)","decl":{"start":{"line":32,"column":27},"end":{"line":32,"column":28}},"loc":{"start":{"line":32,"column":33},"end":{"line":32,"column":56}},"line":32}},"branchMap":{"0":{"loc":{"start":{"line":19,"column":15},"end":{"line":35,"column":15}},"type":"cond-expr","locations":[{"start":{"line":20,"column":16},"end":{"line":28,"column":35}},{"start":{"line":30,"column":16},"end":{"line":34,"column":18}}],"line":19}},"s":{"0":0,"1":0,"2":0,"3":0,"4":0,"5":0},"f":{"0":0,"1":0,"2":0,"3":0,"4":0},"b":{"0":[0,0]}}
,"/home/p3nguin/windsurf/src/gamedev/new/src/components/Tile.tsx": {"path":"/home/p3nguin/windsurf/src/gamedev/new/src/components/Tile.tsx","statementMap":{"0":{"start":{"line":10,"column":20},"end":{"line":10,"column":30}},"1":{"start":{"line":13,"column":17},"end":{"line":13,"column":78}},"2":{"start":{"line":15,"column":21},"end":{"line":15,"column":87}},"3":{"start":{"line":16,"column":23},"end":{"line":16,"column":87}},"4":{"start":{"line":17,"column":26},"end":{"line":17,"column":69}},"5":{"start":{"line":18,"column":26},"end":{"line":18,"column":69}},"6":{"start":{"line":20,"column":2},"end":{"line":43,"column":66}},"7":{"start":{"line":21,"column":4},"end":{"line":42,"column":5}},"8":{"start":{"line":22,"column":6},"end":{"line":22,"column":36}},"9":{"start":{"line":23,"column":6},"end":{"line":41,"column":17}},"10":{"start":{"line":45,"column":2},"end":{"line":61,"column":34}},"11":{"start":{"line":46,"column":4},"end":{"line":60,"column":5}},"12":{"start":{"line":47,"column":6},"end":{"line":59,"column":17}},"13":{"start":{"line":63,"column":2},"end":{"line":74,"column":63}},"14":{"start":{"line":64,"column":4},"end":{"line":73,"column":5}},"15":{"start":{"line":65,"column":19},"end":{"line":65,"column":49}},"16":{"start":{"line":66,"column":6},"end":{"line":66,"column":37}},"17":{"start":{"line":67,"column":6},"end":{"line":72,"column":17}},"18":{"start":{"line":76,"column":24},"end":{"line":83,"column":3}},"19":{"start":{"line":85,"column":2},"end":{"line":95,"column":4}},"20":{"start":{"line":100,"column":15},"end":{"line":121,"column":2}}},"fnMap":{"0":{"name":"Tile","decl":{"start":{"line":12,"column":9},"end":{"line":12,"column":13}},"loc":{"start":{"line":12,"column":35},"end":{"line":96,"column":1}},"line":12},"1":{"name":"(anonymous_1)","decl":{"start":{"line":20,"column":18},"end":{"line":20,"column":19}},"loc":{"start":{"line":20,"column":24},"end":{"line":43,"column":3}},"line":20},"2":{"name":"(anonymous_2)","decl":{"start":{"line":45,"column":18},"end":{"line":45,"column":19}},"loc":{"start":{"line":45,"column":24},"end":{"line":61,"column":3}},"line":45},"3":{"name":"(anonymous_3)","decl":{"start":{"line":63,"column":18},"end":{"line":63,"column":19}},"loc":{"start":{"line":63,"column":24},"end":{"line":74,"column":3}},"line":63}},"branchMap":{"0":{"loc":{"start":{"line":13,"column":17},"end":{"line":13,"column":78}},"type":"binary-expr","locations":[{"start":{"line":13,"column":17},"end":{"line":13,"column":40}},{"start":{"line":13,"column":44},"end":{"line":13,"column":78}}],"line":13},"1":{"loc":{"start":{"line":15,"column":53},"end":{"line":15,"column":77}},"type":"cond-expr","locations":[{"start":{"line":15,"column":70},"end":{"line":15,"column":73}},{"start":{"line":15,"column":76},"end":{"line":15,"column":77}}],"line":15},"2":{"loc":{"start":{"line":16,"column":55},"end":{"line":16,"column":77}},"type":"cond-expr","locations":[{"start":{"line":16,"column":72},"end":{"line":16,"column":73}},{"start":{"line":16,"column":76},"end":{"line":16,"column":77}}],"line":16},"3":{"loc":{"start":{"line":21,"column":4},"end":{"line":42,"column":5}},"type":"if","locations":[{"start":{"line":21,"column":4},"end":{"line":42,"column":5}},{"start":{},"end":{}}],"line":21},"4":{"loc":{"start":{"line":46,"column":4},"end":{"line":60,"column":5}},"type":"if","locations":[{"start":{"line":46,"column":4},"end":{"line":60,"column":5}},{"start":{},"end":{}}],"line":46},"5":{"loc":{"start":{"line":64,"column":4},"end":{"line":73,"column":5}},"type":"if","locations":[{"start":{"line":64,"column":4},"end":{"line":73,"column":5}},{"start":{},"end":{}}],"line":64},"6":{"loc":{"start":{"line":64,"column":8},"end":{"line":64,"column":80}},"type":"binary-expr","locations":[{"start":{"line":64,"column":8},"end":{"line":64,"column":21}},{"start":{"line":64,"column":25},"end":{"line":64,"column":51}},{"start":{"line":64,"column":55},"end":{"line":64,"column":80}}],"line":64}},"s":{"0":0,"1":0,"2":0,"3":0,"4":0,"5":0,"6":0,"7":0,"8":0,"9":0,"10":0,"11":0,"12":0,"13":0,"14":0,"15":0,"16":0,"17":0,"18":0,"19":0,"20":0},"f":{"0":0,"1":0,"2":0,"3":0},"b":{"0":[0,0],"1":[0,0],"2":[0,0],"3":[0,0],"4":[0,0],"5":[0,0],"6":[0,0,0]}}
,"/home/p3nguin/windsurf/src/gamedev/new/src/components/TutorialOverlay.tsx": {"path":"/home/p3nguin/windsurf/src/gamedev/new/src/components/TutorialOverlay.tsx","statementMap":{"0":{"start":{"line":12,"column":22},"end":{"line":37,"column":1}},"1":{"start":{"line":40,"column":40},"end":{"line":40,"column":51}},"2":{"start":{"line":41,"column":18},"end":{"line":41,"column":35}},"3":{"start":{"line":42,"column":16},"end":{"line":42,"column":35}},"4":{"start":{"line":44,"column":2},"end":{"line":52,"column":16}},"5":{"start":{"line":45,"column":4},"end":{"line":51,"column":5}},"6":{"start":{"line":46,"column":6},"end":{"line":46,"column":55}},"7":{"start":{"line":47,"column":6},"end":{"line":47,"column":67}},"8":{"start":{"line":49,"column":6},"end":{"line":49,"column":55}},"9":{"start":{"line":50,"column":6},"end":{"line":50,"column":55}},"10":{"start":{"line":54,"column":21},"end":{"line":60,"column":3}},"11":{"start":{"line":55,"column":4},"end":{"line":59,"column":5}},"12":{"start":{"line":56,"column":6},"end":{"line":56,"column":38}},"13":{"start":{"line":58,"column":6},"end":{"line":58,"column":23}},"14":{"start":{"line":62,"column":21},"end":{"line":65,"column":3}},"15":{"start":{"line":63,"column":4},"end":{"line":63,"column":34}},"16":{"start":{"line":64,"column":4},"end":{"line":64,"column":14}},"17":{"start":{"line":67,"column":25},"end":{"line":70,"column":3}},"18":{"start":{"line":68,"column":4},"end":{"line":68,"column":34}},"19":{"start":{"line":69,"column":4},"end":{"line":69,"column":14}},"20":{"start":{"line":72,"column":24},"end":{"line":75,"column":5}},"21":{"start":{"line":72,"column":48},"end":{"line":75,"column":3}},"22":{"start":{"line":77,"column":2},"end":{"line":77,"column":28}},"23":{"start":{"line":77,"column":16},"end":{"line":77,"column":28}},"24":{"start":{"line":79,"column":15},"end":{"line":79,"column":41}},"25":{"start":{"line":81,"column":2},"end":{"line":130,"column":4}},"26":{"start":{"line":88,"column":14},"end":{"line":95,"column":16}},"27":{"start":{"line":133,"column":15},"end":{"line":229,"column":2}}},"fnMap":{"0":{"name":"TutorialOverlay","decl":{"start":{"line":39,"column":24},"end":{"line":39,"column":39}},"loc":{"start":{"line":39,"column":84},"end":{"line":131,"column":1}},"line":39},"1":{"name":"(anonymous_1)","decl":{"start":{"line":44,"column":12},"end":{"line":44,"column":13}},"loc":{"start":{"line":44,"column":18},"end":{"line":52,"column":3}},"line":44},"2":{"name":"(anonymous_2)","decl":{"start":{"line":54,"column":21},"end":{"line":54,"column":22}},"loc":{"start":{"line":54,"column":27},"end":{"line":60,"column":3}},"line":54},"3":{"name":"(anonymous_3)","decl":{"start":{"line":62,"column":21},"end":{"line":62,"column":22}},"loc":{"start":{"line":62,"column":33},"end":{"line":65,"column":3}},"line":62},"4":{"name":"(anonymous_4)","decl":{"start":{"line":67,"column":25},"end":{"line":67,"column":26}},"loc":{"start":{"line":67,"column":37},"end":{"line":70,"column":3}},"line":67},"5":{"name":"(anonymous_5)","decl":{"start":{"line":72,"column":41},"end":{"line":72,"column":42}},"loc":{"start":{"line":72,"column":48},"end":{"line":75,"column":3}},"line":72},"6":{"name":"(anonymous_6)","decl":{"start":{"line":87,"column":31},"end":{"line":87,"column":32}},"loc":{"start":{"line":88,"column":14},"end":{"line":95,"column":16}},"line":88}},"branchMap":{"0":{"loc":{"start":{"line":45,"column":4},"end":{"line":51,"column":5}},"type":"if","locations":[{"start":{"line":45,"column":4},"end":{"line":51,"column":5}},{"start":{"line":48,"column":11},"end":{"line":51,"column":5}}],"line":45},"1":{"loc":{"start":{"line":55,"column":4},"end":{"line":59,"column":5}},"type":"if","locations":[{"start":{"line":55,"column":4},"end":{"line":59,"column":5}},{"start":{"line":57,"column":11},"end":{"line":59,"column":5}}],"line":55},"2":{"loc":{"start":{"line":77,"column":2},"end":{"line":77,"column":28}},"type":"if","locations":[{"start":{"line":77,"column":2},"end":{"line":77,"column":28}},{"start":{},"end":{}}],"line":77},"3":{"loc":{"start":{"line":92,"column":18},"end":{"line":92,"column":67}},"type":"binary-expr","locations":[{"start":{"line":92,"column":18},"end":{"line":92,"column":39}},{"start":{"line":92,"column":43},"end":{"line":92,"column":67}}],"line":92},"4":{"loc":{"start":{"line":93,"column":18},"end":{"line":93,"column":68}},"type":"binary-expr","locations":[{"start":{"line":93,"column":18},"end":{"line":93,"column":37}},{"start":{"line":93,"column":41},"end":{"line":93,"column":68}}],"line":93},"5":{"loc":{"start":{"line":123,"column":17},"end":{"line":123,"column":82}},"type":"cond-expr","locations":[{"start":{"line":123,"column":60},"end":{"line":123,"column":73}},{"start":{"line":123,"column":76},"end":{"line":123,"column":82}}],"line":123}},"s":{"0":0,"1":0,"2":0,"3":0,"4":0,"5":0,"6":0,"7":0,"8":0,"9":0,"10":0,"11":0,"12":0,"13":0,"14":0,"15":0,"16":0,"17":0,"18":0,"19":0,"20":0,"21":0,"22":0,"23":0,"24":0,"25":0,"26":0,"27":0},"f":{"0":0,"1":0,"2":0,"3":0,"4":0,"5":0,"6":0},"b":{"0":[0,0],"1":[0,0],"2":[0,0],"3":[0,0],"4":[0,0],"5":[0,0]}}
,"/home/p3nguin/windsurf/src/gamedev/new/src/components/UsernameModal.tsx": {"path":"/home/p3nguin/windsurf/src/gamedev/new/src/components/UsernameModal.tsx","statementMap":{"0":{"start":{"line":22,"column":26},"end":{"line":22,"column":35}},"1":{"start":{"line":23,"column":39},"end":{"line":23,"column":51}},"2":{"start":{"line":24,"column":36},"end":{"line":24,"column":51}},"3":{"start":{"line":25,"column":28},"end":{"line":25,"column":40}},"4":{"start":{"line":27,"column":23},"end":{"line":70,"column":3}},"5":{"start":{"line":28,"column":4},"end":{"line":31,"column":5}},"6":{"start":{"line":29,"column":6},"end":{"line":29,"column":42}},"7":{"start":{"line":30,"column":6},"end":{"line":30,"column":13}},"8":{"start":{"line":33,"column":4},"end":{"line":36,"column":5}},"9":{"start":{"line":34,"column":6},"end":{"line":34,"column":57}},"10":{"start":{"line":35,"column":6},"end":{"line":35,"column":13}},"11":{"start":{"line":38,"column":4},"end":{"line":41,"column":5}},"12":{"start":{"line":39,"column":6},"end":{"line":39,"column":59}},"13":{"start":{"line":40,"column":6},"end":{"line":40,"column":13}},"14":{"start":{"line":44,"column":4},"end":{"line":47,"column":5}},"15":{"start":{"line":45,"column":6},"end":{"line":45,"column":78}},"16":{"start":{"line":46,"column":6},"end":{"line":46,"column":13}},"17":{"start":{"line":49,"column":4},"end":{"line":49,"column":23}},"18":{"start":{"line":50,"column":4},"end":{"line":50,"column":17}},"19":{"start":{"line":52,"column":4},"end":{"line":69,"column":5}},"20":{"start":{"line":53,"column":26},"end":{"line":53,"column":87}},"21":{"start":{"line":55,"column":6},"end":{"line":59,"column":7}},"22":{"start":{"line":56,"column":8},"end":{"line":56,"column":46}},"23":{"start":{"line":57,"column":8},"end":{"line":57,"column":28}},"24":{"start":{"line":58,"column":8},"end":{"line":58,"column":15}},"25":{"start":{"line":61,"column":6},"end":{"line":61,"column":41}},"26":{"start":{"line":62,"column":6},"end":{"line":62,"column":66}},"27":{"start":{"line":63,"column":6},"end":{"line":63,"column":16}},"28":{"start":{"line":64,"column":6},"end":{"line":64,"column":27}},"29":{"start":{"line":66,"column":6},"end":{"line":66,"column":65}},"30":{"start":{"line":68,"column":6},"end":{"line":68,"column":26}},"31":{"start":{"line":72,"column":2},"end":{"line":127,"column":4}},"32":{"start":{"line":130,"column":15},"end":{"line":216,"column":2}}},"fnMap":{"0":{"name":"UsernameModal","decl":{"start":{"line":21,"column":24},"end":{"line":21,"column":37}},"loc":{"start":{"line":21,"column":80},"end":{"line":128,"column":1}},"line":21},"1":{"name":"(anonymous_1)","decl":{"start":{"line":27,"column":23},"end":{"line":27,"column":24}},"loc":{"start":{"line":27,"column":35},"end":{"line":70,"column":3}},"line":27}},"branchMap":{"0":{"loc":{"start":{"line":28,"column":4},"end":{"line":31,"column":5}},"type":"if","locations":[{"start":{"line":28,"column":4},"end":{"line":31,"column":5}},{"start":{},"end":{}}],"line":28},"1":{"loc":{"start":{"line":33,"column":4},"end":{"line":36,"column":5}},"type":"if","locations":[{"start":{"line":33,"column":4},"end":{"line":36,"column":5}},{"start":{},"end":{}}],"line":33},"2":{"loc":{"start":{"line":38,"column":4},"end":{"line":41,"column":5}},"type":"if","locations":[{"start":{"line":38,"column":4},"end":{"line":41,"column":5}},{"start":{},"end":{}}],"line":38},"3":{"loc":{"start":{"line":44,"column":4},"end":{"line":47,"column":5}},"type":"if","locations":[{"start":{"line":44,"column":4},"end":{"line":47,"column":5}},{"start":{},"end":{}}],"line":44},"4":{"loc":{"start":{"line":55,"column":6},"end":{"line":59,"column":7}},"type":"if","locations":[{"start":{"line":55,"column":6},"end":{"line":59,"column":7}},{"start":{},"end":{}}],"line":55},"5":{"loc":{"start":{"line":97,"column":11},"end":{"line":97,"column":71}},"type":"cond-expr","locations":[{"start":{"line":97,"column":19},"end":{"line":97,"column":64}},{"start":{"line":97,"column":67},"end":{"line":97,"column":71}}],"line":97},"6":{"loc":{"start":{"line":113,"column":15},"end":{"line":117,"column":15}},"type":"cond-expr","locations":[{"start":{"line":114,"column":16},"end":{"line":114,"column":50}},{"start":{"line":116,"column":16},"end":{"line":116,"column":69}}],"line":113}},"s":{"0":0,"1":0,"2":0,"3":0,"4":0,"5":0,"6":0,"7":0,"8":0,"9":0,"10":0,"11":0,"12":0,"13":0,"14":0,"15":0,"16":0,"17":0,"18":0,"19":0,"20":0,"21":0,"22":0,"23":0,"24":0,"25":0,"26":0,"27":0,"28":0,"29":0,"30":0,"31":0,"32":0},"f":{"0":0,"1":0},"b":{"0":[0,0],"1":[0,0],"2":[0,0],"3":[0,0],"4":[0,0],"5":[0,0],"6":[0,0]}}
,"/home/p3nguin/windsurf/src/gamedev/new/src/config/supabase.ts": {"path":"/home/p3nguin/windsurf/src/gamedev/new/src/config/supabase.ts","statementMap":{"0":{"start":{"line":5,"column":20},"end":{"line":5,"column":67}},"1":{"start":{"line":6,"column":24},"end":{"line":6,"column":76}},"2":{"start":{"line":8,"column":0},"end":{"line":10,"column":1}},"3":{"start":{"line":9,"column":2},"end":{"line":9,"column":89}},"4":{"start":{"line":12,"column":24},"end":{"line":12,"column":66}}},"fnMap":{},"branchMap":{"0":{"loc":{"start":{"line":5,"column":20},"end":{"line":5,"column":67}},"type":"binary-expr","locations":[{"start":{"line":5,"column":20},"end":{"line":5,"column":61}},{"start":{"line":5,"column":65},"end":{"line":5,"column":67}}],"line":5},"1":{"loc":{"start":{"line":6,"column":24},"end":{"line":6,"column":76}},"type":"binary-expr","locations":[{"start":{"line":6,"column":24},"end":{"line":6,"column":70}},{"start":{"line":6,"column":74},"end":{"line":6,"column":76}}],"line":6},"2":{"loc":{"start":{"line":8,"column":0},"end":{"line":10,"column":1}},"type":"if","locations":[{"start":{"line":8,"column":0},"end":{"line":10,"column":1}},{"start":{},"end":{}}],"line":8},"3":{"loc":{"start":{"line":8,"column":4},"end":{"line":8,"column":36}},"type":"binary-expr","locations":[{"start":{"line":8,"column":4},"end":{"line":8,"column":16}},{"start":{"line":8,"column":20},"end":{"line":8,"column":36}}],"line":8}},"s":{"0":0,"1":0,"2":0,"3":0,"4":0},"f":{},"b":{"0":[0,0],"1":[0,0],"2":[0,0],"3":[0,0]}}
,"/home/p3nguin/windsurf/src/gamedev/new/src/contexts/UserContext.tsx": {"path":"/home/p3nguin/windsurf/src/gamedev/new/src/contexts/UserContext.tsx","statementMap":{"0":{"start":{"line":15,"column":20},"end":{"line":15,"column":73}},"1":{"start":{"line":17,"column":29},"end":{"line":17,"column":52}},"2":{"start":{"line":20,"column":39},"end":{"line":20,"column":68}},"3":{"start":{"line":21,"column":35},"end":{"line":21,"column":57}},"4":{"start":{"line":22,"column":36},"end":{"line":22,"column":50}},"5":{"start":{"line":23,"column":28},"end":{"line":23,"column":57}},"6":{"start":{"line":25,"column":2},"end":{"line":27,"column":9}},"7":{"start":{"line":26,"column":4},"end":{"line":26,"column":19}},"8":{"start":{"line":29,"column":23},"end":{"line":42,"column":3}},"9":{"start":{"line":30,"column":4},"end":{"line":41,"column":5}},"10":{"start":{"line":31,"column":29},"end":{"line":31,"column":77}},"11":{"start":{"line":32,"column":27},"end":{"line":32,"column":44}},"12":{"start":{"line":33,"column":6},"end":{"line":33,"column":39}},"13":{"start":{"line":34,"column":6},"end":{"line":34,"column":35}},"14":{"start":{"line":35,"column":6},"end":{"line":35,"column":21}},"15":{"start":{"line":37,"column":6},"end":{"line":37,"column":55}},"16":{"start":{"line":38,"column":6},"end":{"line":38,"column":68}},"17":{"start":{"line":40,"column":6},"end":{"line":40,"column":26}},"18":{"start":{"line":44,"column":22},"end":{"line":54,"column":3}},"19":{"start":{"line":45,"column":4},"end":{"line":53,"column":5}},"20":{"start":{"line":46,"column":6},"end":{"line":46,"column":68}},"21":{"start":{"line":47,"column":6},"end":{"line":47,"column":36}},"22":{"start":{"line":48,"column":6},"end":{"line":48,"column":21}},"23":{"start":{"line":50,"column":6},"end":{"line":50,"column":53}},"24":{"start":{"line":51,"column":6},"end":{"line":51,"column":61}},"25":{"start":{"line":52,"column":6},"end":{"line":52,"column":18}},"26":{"start":{"line":56,"column":27},"end":{"line":66,"column":3}},"27":{"start":{"line":57,"column":4},"end":{"line":65,"column":5}},"28":{"start":{"line":58,"column":6},"end":{"line":58,"column":33}},"29":{"start":{"line":59,"column":6},"end":{"line":59,"column":32}},"30":{"start":{"line":60,"column":6},"end":{"line":60,"column":21}},"31":{"start":{"line":62,"column":6},"end":{"line":62,"column":51}},"32":{"start":{"line":63,"column":6},"end":{"line":63,"column":59}},"33":{"start":{"line":64,"column":6},"end":{"line":64,"column":18}},"34":{"start":{"line":68,"column":2},"end":{"line":82,"column":4}},"35":{"start":{"line":86,"column":18},"end":{"line":86,"column":41}},"36":{"start":{"line":87,"column":2},"end":{"line":89,"column":3}},"37":{"start":{"line":88,"column":4},"end":{"line":88,"column":66}},"38":{"start":{"line":90,"column":2},"end":{"line":90,"column":17}}},"fnMap":{"0":{"name":"UserProvider","decl":{"start":{"line":19,"column":16},"end":{"line":19,"column":28}},"loc":{"start":{"line":19,"column":74},"end":{"line":83,"column":1}},"line":19},"1":{"name":"(anonymous_1)","decl":{"start":{"line":25,"column":12},"end":{"line":25,"column":13}},"loc":{"start":{"line":25,"column":18},"end":{"line":27,"column":3}},"line":25},"2":{"name":"(anonymous_2)","decl":{"start":{"line":29,"column":23},"end":{"line":29,"column":24}},"loc":{"start":{"line":29,"column":35},"end":{"line":42,"column":3}},"line":29},"3":{"name":"(anonymous_3)","decl":{"start":{"line":44,"column":22},"end":{"line":44,"column":23}},"loc":{"start":{"line":44,"column":53},"end":{"line":54,"column":3}},"line":44},"4":{"name":"(anonymous_4)","decl":{"start":{"line":56,"column":27},"end":{"line":56,"column":28}},"loc":{"start":{"line":56,"column":56},"end":{"line":66,"column":3}},"line":56},"5":{"name":"useUser","decl":{"start":{"line":85,"column":16},"end":{"line":85,"column":23}},"loc":{"start":{"line":85,"column":26},"end":{"line":91,"column":1}},"line":85}},"branchMap":{"0":{"loc":{"start":{"line":87,"column":2},"end":{"line":89,"column":3}},"type":"if","locations":[{"start":{"line":87,"column":2},"end":{"line":89,"column":3}},{"start":{},"end":{}}],"line":87}},"s":{"0":0,"1":0,"2":0,"3":0,"4":0,"5":0,"6":0,"7":0,"8":0,"9":0,"10":0,"11":0,"12":0,"13":0,"14":0,"15":0,"16":0,"17":0,"18":0,"19":0,"20":0,"21":0,"22":0,"23":0,"24":0,"25":0,"26":0,"27":0,"28":0,"29":0,"30":0,"31":0,"32":0,"33":0,"34":0,"35":0,"36":0,"37":0,"38":0},"f":{"0":0,"1":0,"2":0,"3":0,"4":0,"5":0},"b":{"0":[0,0]}}
,"/home/p3nguin/windsurf/src/gamedev/new/src/screens/HomeScreen.tsx": {"path":"/home/p3nguin/windsurf/src/gamedev/new/src/screens/HomeScreen.tsx","statementMap":{"0":{"start":{"line":10,"column":21},"end":{"line":10,"column":36}},"1":{"start":{"line":11,"column":55},"end":{"line":11,"column":64}},"2":{"start":{"line":12,"column":28},"end":{"line":15,"column":4}},"3":{"start":{"line":16,"column":52},"end":{"line":16,"column":67}},"4":{"start":{"line":18,"column":2},"end":{"line":27,"column":4}},"5":{"start":{"line":20,"column":6},"end":{"line":25,"column":9}},"6":{"start":{"line":21,"column":8},"end":{"line":24,"column":11}},"7":{"start":{"line":29,"column":2},"end":{"line":33,"column":30}},"8":{"start":{"line":30,"column":4},"end":{"line":32,"column":5}},"9":{"start":{"line":31,"column":6},"end":{"line":31,"column":33}},"10":{"start":{"line":35,"column":2},"end":{"line":169,"column":4}},"11":{"start":{"line":48,"column":27},"end":{"line":48,"column":66}},"12":{"start":{"line":71,"column":25},"end":{"line":71,"column":61}},"13":{"start":{"line":102,"column":27},"end":{"line":102,"column":68}},"14":{"start":{"line":117,"column":27},"end":{"line":117,"column":67}},"15":{"start":{"line":132,"column":27},"end":{"line":132,"column":70}},"16":{"start":{"line":166,"column":23},"end":{"line":166,"column":50}},"17":{"start":{"line":172,"column":15},"end":{"line":451,"column":2}}},"fnMap":{"0":{"name":"HomeScreen","decl":{"start":{"line":9,"column":24},"end":{"line":9,"column":34}},"loc":{"start":{"line":9,"column":37},"end":{"line":170,"column":1}},"line":9},"1":{"name":"(anonymous_1)","decl":{"start":{"line":19,"column":22},"end":{"line":19,"column":23}},"loc":{"start":{"line":19,"column":28},"end":{"line":26,"column":5}},"line":19},"2":{"name":"(anonymous_2)","decl":{"start":{"line":20,"column":23},"end":{"line":20,"column":24}},"loc":{"start":{"line":20,"column":38},"end":{"line":25,"column":7}},"line":20},"3":{"name":"(anonymous_3)","decl":{"start":{"line":29,"column":12},"end":{"line":29,"column":13}},"loc":{"start":{"line":29,"column":18},"end":{"line":33,"column":3}},"line":29},"4":{"name":"(anonymous_4)","decl":{"start":{"line":48,"column":21},"end":{"line":48,"column":22}},"loc":{"start":{"line":48,"column":27},"end":{"line":48,"column":66}},"line":48},"5":{"name":"(anonymous_5)","decl":{"start":{"line":71,"column":19},"end":{"line":71,"column":20}},"loc":{"start":{"line":71,"column":25},"end":{"line":71,"column":61}},"line":71},"6":{"name":"(anonymous_6)","decl":{"start":{"line":102,"column":21},"end":{"line":102,"column":22}},"loc":{"start":{"line":102,"column":27},"end":{"line":102,"column":68}},"line":102},"7":{"name":"(anonymous_7)","decl":{"start":{"line":117,"column":21},"end":{"line":117,"column":22}},"loc":{"start":{"line":117,"column":27},"end":{"line":117,"column":67}},"line":117},"8":{"name":"(anonymous_8)","decl":{"start":{"line":132,"column":21},"end":{"line":132,"column":22}},"loc":{"start":{"line":132,"column":27},"end":{"line":132,"column":70}},"line":132},"9":{"name":"(anonymous_9)","decl":{"start":{"line":166,"column":17},"end":{"line":166,"column":18}},"loc":{"start":{"line":166,"column":23},"end":{"line":166,"column":50}},"line":166}},"branchMap":{"0":{"loc":{"start":{"line":30,"column":4},"end":{"line":32,"column":5}},"type":"if","locations":[{"start":{"line":30,"column":4},"end":{"line":32,"column":5}},{"start":{},"end":{}}],"line":30},"1":{"loc":{"start":{"line":30,"column":8},"end":{"line":30,"column":33}},"type":"binary-expr","locations":[{"start":{"line":30,"column":8},"end":{"line":30,"column":20}},{"start":{"line":30,"column":24},"end":{"line":30,"column":33}}],"line":30},"2":{"loc":{"start":{"line":42,"column":15},"end":{"line":42,"column":61}},"type":"cond-expr","locations":[{"start":{"line":42,"column":26},"end":{"line":42,"column":44}},{"start":{"line":42,"column":47},"end":{"line":42,"column":61}}],"line":42}},"s":{"0":0,"1":0,"2":0,"3":0,"4":0,"5":0,"6":0,"7":0,"8":0,"9":0,"10":0,"11":0,"12":0,"13":0,"14":0,"15":0,"16":0,"17":0},"f":{"0":0,"1":0,"2":0,"3":0,"4":0,"5":0,"6":0,"7":0,"8":0,"9":0},"b":{"0":[0,0],"1":[0,0],"2":[0,0]}}
,"/home/p3nguin/windsurf/src/gamedev/new/src/screens/HowToPlayScreen.tsx": {"path":"/home/p3nguin/windsurf/src/gamedev/new/src/screens/HowToPlayScreen.tsx","statementMap":{"0":{"start":{"line":7,"column":21},"end":{"line":7,"column":36}},"1":{"start":{"line":9,"column":2},"end":{"line":145,"column":4}},"2":{"start":{"line":14,"column":43},"end":{"line":14,"column":62}},"3":{"start":{"line":148,"column":15},"end":{"line":313,"column":2}}},"fnMap":{"0":{"name":"HowToPlayScreen","decl":{"start":{"line":6,"column":24},"end":{"line":6,"column":39}},"loc":{"start":{"line":6,"column":42},"end":{"line":146,"column":1}},"line":6},"1":{"name":"(anonymous_1)","decl":{"start":{"line":14,"column":37},"end":{"line":14,"column":38}},"loc":{"start":{"line":14,"column":43},"end":{"line":14,"column":62}},"line":14}},"branchMap":{},"s":{"0":0,"1":0,"2":0,"3":0},"f":{"0":0,"1":0},"b":{}}
,"/home/p3nguin/windsurf/src/gamedev/new/src/screens/LeaderboardScreen.tsx": {"path":"/home/p3nguin/windsurf/src/gamedev/new/src/screens/LeaderboardScreen.tsx","statementMap":{"0":{"start":{"line":17,"column":21},"end":{"line":17,"column":36}},"1":{"start":{"line":18,"column":23},"end":{"line":18,"column":32}},"2":{"start":{"line":19,"column":40},"end":{"line":19,"column":72}},"3":{"start":{"line":20,"column":38},"end":{"line":20,"column":67}},"4":{"start":{"line":21,"column":36},"end":{"line":21,"column":50}},"5":{"start":{"line":22,"column":38},"end":{"line":22,"column":53}},"6":{"start":{"line":23,"column":28},"end":{"line":23,"column":57}},"7":{"start":{"line":25,"column":2},"end":{"line":29,"column":4}},"8":{"start":{"line":27,"column":6},"end":{"line":27,"column":24}},"9":{"start":{"line":31,"column":26},"end":{"line":48,"column":3}},"10":{"start":{"line":32,"column":4},"end":{"line":47,"column":5}},"11":{"start":{"line":33,"column":6},"end":{"line":33,"column":21}},"12":{"start":{"line":34,"column":19},"end":{"line":34,"column":63}},"13":{"start":{"line":35,"column":6},"end":{"line":35,"column":27}},"14":{"start":{"line":37,"column":6},"end":{"line":40,"column":7}},"15":{"start":{"line":38,"column":21},"end":{"line":38,"column":69}},"16":{"start":{"line":39,"column":8},"end":{"line":39,"column":28}},"17":{"start":{"line":42,"column":6},"end":{"line":42,"column":57}},"18":{"start":{"line":43,"column":6},"end":{"line":43,"column":90}},"19":{"start":{"line":45,"column":6},"end":{"line":45,"column":26}},"20":{"start":{"line":46,"column":6},"end":{"line":46,"column":27}},"21":{"start":{"line":50,"column":20},"end":{"line":53,"column":3}},"22":{"start":{"line":51,"column":4},"end":{"line":51,"column":24}},"23":{"start":{"line":52,"column":4},"end":{"line":52,"column":22}},"24":{"start":{"line":55,"column":29},"end":{"line":64,"column":3}},"25":{"start":{"line":56,"column":4},"end":{"line":63,"column":11}},"26":{"start":{"line":66,"column":32},"end":{"line":112,"column":3}},"27":{"start":{"line":67,"column":26},"end":{"line":67,"column":52}},"28":{"start":{"line":68,"column":17},"end":{"line":68,"column":26}},"29":{"start":{"line":70,"column":25},"end":{"line":75,"column":5}},"30":{"start":{"line":71,"column":6},"end":{"line":71,"column":72}},"31":{"start":{"line":71,"column":22},"end":{"line":71,"column":72}},"32":{"start":{"line":72,"column":6},"end":{"line":72,"column":80}},"33":{"start":{"line":72,"column":22},"end":{"line":72,"column":80}},"34":{"start":{"line":73,"column":6},"end":{"line":73,"column":79}},"35":{"start":{"line":73,"column":22},"end":{"line":73,"column":79}},"36":{"start":{"line":74,"column":6},"end":{"line":74,"column":63}},"37":{"start":{"line":77,"column":24},"end":{"line":82,"column":5}},"38":{"start":{"line":78,"column":6},"end":{"line":78,"column":34}},"39":{"start":{"line":78,"column":22},"end":{"line":78,"column":34}},"40":{"start":{"line":79,"column":6},"end":{"line":79,"column":34}},"41":{"start":{"line":79,"column":22},"end":{"line":79,"column":34}},"42":{"start":{"line":80,"column":6},"end":{"line":80,"column":34}},"43":{"start":{"line":80,"column":22},"end":{"line":80,"column":34}},"44":{"start":{"line":81,"column":6},"end":{"line":81,"column":29}},"45":{"start":{"line":84,"column":22},"end":{"line":84,"column":40}},"46":{"start":{"line":86,"column":4},"end":{"line":111,"column":6}},"47":{"start":{"line":114,"column":26},"end":{"line":122,"column":3}},"48":{"start":{"line":115,"column":4},"end":{"line":121,"column":11}},"49":{"start":{"line":116,"column":39},"end":{"line":116,"column":58}},"50":{"start":{"line":124,"column":2},"end":{"line":136,"column":3}},"51":{"start":{"line":125,"column":4},"end":{"line":135,"column":6}},"52":{"start":{"line":131,"column":38},"end":{"line":131,"column":57}},"53":{"start":{"line":138,"column":2},"end":{"line":158,"column":3}},"54":{"start":{"line":139,"column":4},"end":{"line":157,"column":6}},"55":{"start":{"line":148,"column":14},"end":{"line":148,"column":33}},"56":{"start":{"line":149,"column":14},"end":{"line":149,"column":32}},"57":{"start":{"line":160,"column":2},"end":{"line":188,"column":4}},"58":{"start":{"line":182,"column":32},"end":{"line":182,"column":39}},"59":{"start":{"line":191,"column":15},"end":{"line":375,"column":2}}},"fnMap":{"0":{"name":"LeaderboardScreen","decl":{"start":{"line":16,"column":24},"end":{"line":16,"column":41}},"loc":{"start":{"line":16,"column":44},"end":{"line":189,"column":1}},"line":16},"1":{"name":"(anonymous_1)","decl":{"start":{"line":26,"column":22},"end":{"line":26,"column":23}},"loc":{"start":{"line":26,"column":28},"end":{"line":28,"column":5}},"line":26},"2":{"name":"(anonymous_2)","decl":{"start":{"line":31,"column":26},"end":{"line":31,"column":27}},"loc":{"start":{"line":31,"column":38},"end":{"line":48,"column":3}},"line":31},"3":{"name":"(anonymous_3)","decl":{"start":{"line":50,"column":20},"end":{"line":50,"column":21}},"loc":{"start":{"line":50,"column":26},"end":{"line":53,"column":3}},"line":50},"4":{"name":"(anonymous_4)","decl":{"start":{"line":55,"column":29},"end":{"line":55,"column":30}},"loc":{"start":{"line":56,"column":4},"end":{"line":63,"column":11}},"line":56},"5":{"name":"(anonymous_5)","decl":{"start":{"line":66,"column":32},"end":{"line":66,"column":33}},"loc":{"start":{"line":66,"column":96},"end":{"line":112,"column":3}},"line":66},"6":{"name":"(anonymous_6)","decl":{"start":{"line":70,"column":25},"end":{"line":70,"column":26}},"loc":{"start":{"line":70,"column":43},"end":{"line":75,"column":5}},"line":70},"7":{"name":"(anonymous_7)","decl":{"start":{"line":77,"column":24},"end":{"line":77,"column":25}},"loc":{"start":{"line":77,"column":42},"end":{"line":82,"column":5}},"line":77},"8":{"name":"(anonymous_8)","decl":{"start":{"line":114,"column":26},"end":{"line":114,"column":27}},"loc":{"start":{"line":115,"column":4},"end":{"line":121,"column":11}},"line":115},"9":{"name":"(anonymous_9)","decl":{"start":{"line":116,"column":33},"end":{"line":116,"column":34}},"loc":{"start":{"line":116,"column":39},"end":{"line":116,"column":58}},"line":116},"10":{"name":"(anonymous_10)","decl":{"start":{"line":131,"column":24},"end":{"line":131,"column":25}},"loc":{"start":{"line":131,"column":38},"end":{"line":131,"column":57}},"line":131},"11":{"name":"(anonymous_11)","decl":{"start":{"line":147,"column":21},"end":{"line":147,"column":22}},"loc":{"start":{"line":147,"column":27},"end":{"line":150,"column":13}},"line":147},"12":{"name":"(anonymous_12)","decl":{"start":{"line":182,"column":22},"end":{"line":182,"column":23}},"loc":{"start":{"line":182,"column":32},"end":{"line":182,"column":39}},"line":182}},"branchMap":{"0":{"loc":{"start":{"line":37,"column":6},"end":{"line":40,"column":7}},"type":"if","locations":[{"start":{"line":37,"column":6},"end":{"line":40,"column":7}},{"start":{},"end":{}}],"line":37},"1":{"loc":{"start":{"line":71,"column":6},"end":{"line":71,"column":72}},"type":"if","locations":[{"start":{"line":71,"column":6},"end":{"line":71,"column":72}},{"start":{},"end":{}}],"line":71},"2":{"loc":{"start":{"line":72,"column":6},"end":{"line":72,"column":80}},"type":"if","locations":[{"start":{"line":72,"column":6},"end":{"line":72,"column":80}},{"start":{},"end":{}}],"line":72},"3":{"loc":{"start":{"line":73,"column":6},"end":{"line":73,"column":79}},"type":"if","locations":[{"start":{"line":73,"column":6},"end":{"line":73,"column":79}},{"start":{},"end":{}}],"line":73},"4":{"loc":{"start":{"line":78,"column":6},"end":{"line":78,"column":34}},"type":"if","locations":[{"start":{"line":78,"column":6},"end":{"line":78,"column":34}},{"start":{},"end":{}}],"line":78},"5":{"loc":{"start":{"line":79,"column":6},"end":{"line":79,"column":34}},"type":"if","locations":[{"start":{"line":79,"column":6},"end":{"line":79,"column":34}},{"start":{},"end":{}}],"line":79},"6":{"loc":{"start":{"line":80,"column":6},"end":{"line":80,"column":34}},"type":"if","locations":[{"start":{"line":80,"column":6},"end":{"line":80,"column":34}},{"start":{},"end":{}}],"line":80},"7":{"loc":{"start":{"line":90,"column":10},"end":{"line":90,"column":49}},"type":"binary-expr","locations":[{"start":{"line":90,"column":10},"end":{"line":90,"column":23}},{"start":{"line":90,"column":27},"end":{"line":90,"column":49}}],"line":90},"8":{"loc":{"start":{"line":94,"column":41},"end":{"line":94,"column":97}},"type":"cond-expr","locations":[{"start":{"line":94,"column":53},"end":{"line":94,"column":68}},{"start":{"line":94,"column":71},"end":{"line":94,"column":97}}],"line":94},"9":{"loc":{"start":{"line":99,"column":41},"end":{"line":99,"column":80}},"type":"binary-expr","locations":[{"start":{"line":99,"column":41},"end":{"line":99,"column":54}},{"start":{"line":99,"column":58},"end":{"line":99,"column":80}}],"line":99},"10":{"loc":{"start":{"line":101,"column":13},"end":{"line":101,"column":38}},"type":"binary-expr","locations":[{"start":{"line":101,"column":13},"end":{"line":101,"column":26}},{"start":{"line":101,"column":30},"end":{"line":101,"column":38}}],"line":101},"11":{"loc":{"start":{"line":107,"column":36},"end":{"line":107,"column":72}},"type":"binary-expr","locations":[{"start":{"line":107,"column":36},"end":{"line":107,"column":49}},{"start":{"line":107,"column":53},"end":{"line":107,"column":72}}],"line":107},"12":{"loc":{"start":{"line":124,"column":2},"end":{"line":136,"column":3}},"type":"if","locations":[{"start":{"line":124,"column":2},"end":{"line":136,"column":3}},{"start":{},"end":{}}],"line":124},"13":{"loc":{"start":{"line":138,"column":2},"end":{"line":158,"column":3}},"type":"if","locations":[{"start":{"line":138,"column":2},"end":{"line":158,"column":3}},{"start":{},"end":{}}],"line":138},"14":{"loc":{"start":{"line":164,"column":7},"end":{"line":169,"column":7}},"type":"binary-expr","locations":[{"start":{"line":164,"column":7},"end":{"line":164,"column":15}},{"start":{"line":164,"column":19},"end":{"line":164,"column":29}},{"start":{"line":165,"column":8},"end":{"line":168,"column":15}}],"line":164},"15":{"loc":{"start":{"line":171,"column":7},"end":{"line":177,"column":7}},"type":"binary-expr","locations":[{"start":{"line":171,"column":7},"end":{"line":171,"column":16}},{"start":{"line":172,"column":8},"end":{"line":176,"column":15}}],"line":171}},"s":{"0":0,"1":0,"2":0,"3":0,"4":0,"5":0,"6":0,"7":0,"8":0,"9":0,"10":0,"11":0,"12":0,"13":0,"14":0,"15":0,"16":0,"17":0,"18":0,"19":0,"20":0,"21":0,"22":0,"23":0,"24":0,"25":0,"26":0,"27":0,"28":0,"29":0,"30":0,"31":0,"32":0,"33":0,"34":0,"35":0,"36":0,"37":0,"38":0,"39":0,"40":0,"41":0,"42":0,"43":0,"44":0,"45":0,"46":0,"47":0,"48":0,"49":0,"50":0,"51":0,"52":0,"53":0,"54":0,"55":0,"56":0,"57":0,"58":0,"59":0},"f":{"0":0,"1":0,"2":0,"3":0,"4":0,"5":0,"6":0,"7":0,"8":0,"9":0,"10":0,"11":0,"12":0},"b":{"0":[0,0],"1":[0,0],"2":[0,0],"3":[0,0],"4":[0,0],"5":[0,0],"6":[0,0],"7":[0,0],"8":[0,0],"9":[0,0],"10":[0,0],"11":[0,0],"12":[0,0],"13":[0,0],"14":[0,0,0],"15":[0,0]}}
,"/home/p3nguin/windsurf/src/gamedev/new/src/screens/ProfileScreen.tsx": {"path":"/home/p3nguin/windsurf/src/gamedev/new/src/screens/ProfileScreen.tsx","statementMap":{"0":{"start":{"line":10,"column":21},"end":{"line":10,"column":36}},"1":{"start":{"line":11,"column":42},"end":{"line":11,"column":51}},"2":{"start":{"line":12,"column":28},"end":{"line":17,"column":4}},"3":{"start":{"line":18,"column":50},"end":{"line":18,"column":65}},"4":{"start":{"line":20,"column":2},"end":{"line":31,"column":4}},"5":{"start":{"line":22,"column":6},"end":{"line":29,"column":9}},"6":{"start":{"line":23,"column":8},"end":{"line":28,"column":11}},"7":{"start":{"line":33,"column":23},"end":{"line":38,"column":3}},"8":{"start":{"line":40,"column":2},"end":{"line":157,"column":4}},"9":{"start":{"line":45,"column":43},"end":{"line":45,"column":62}},"10":{"start":{"line":57,"column":27},"end":{"line":57,"column":52}},"11":{"start":{"line":78,"column":18},"end":{"line":91,"column":37}},"12":{"start":{"line":85,"column":22},"end":{"line":85,"column":46}},"13":{"start":{"line":86,"column":22},"end":{"line":86,"column":49}},"14":{"start":{"line":96,"column":31},"end":{"line":96,"column":57}},"15":{"start":{"line":134,"column":12},"end":{"line":152,"column":19}},"16":{"start":{"line":160,"column":15},"end":{"line":426,"column":2}}},"fnMap":{"0":{"name":"ProfileScreen","decl":{"start":{"line":9,"column":24},"end":{"line":9,"column":37}},"loc":{"start":{"line":9,"column":40},"end":{"line":158,"column":1}},"line":9},"1":{"name":"(anonymous_1)","decl":{"start":{"line":21,"column":22},"end":{"line":21,"column":23}},"loc":{"start":{"line":21,"column":28},"end":{"line":30,"column":5}},"line":21},"2":{"name":"(anonymous_2)","decl":{"start":{"line":22,"column":23},"end":{"line":22,"column":24}},"loc":{"start":{"line":22,"column":38},"end":{"line":29,"column":7}},"line":22},"3":{"name":"(anonymous_3)","decl":{"start":{"line":45,"column":37},"end":{"line":45,"column":38}},"loc":{"start":{"line":45,"column":43},"end":{"line":45,"column":62}},"line":45},"4":{"name":"(anonymous_4)","decl":{"start":{"line":57,"column":21},"end":{"line":57,"column":22}},"loc":{"start":{"line":57,"column":27},"end":{"line":57,"column":52}},"line":57},"5":{"name":"(anonymous_5)","decl":{"start":{"line":77,"column":40},"end":{"line":77,"column":41}},"loc":{"start":{"line":78,"column":18},"end":{"line":91,"column":37}},"line":78},"6":{"name":"(anonymous_6)","decl":{"start":{"line":84,"column":29},"end":{"line":84,"column":30}},"loc":{"start":{"line":84,"column":35},"end":{"line":87,"column":21}},"line":84},"7":{"name":"(anonymous_7)","decl":{"start":{"line":96,"column":25},"end":{"line":96,"column":26}},"loc":{"start":{"line":96,"column":31},"end":{"line":96,"column":57}},"line":96},"8":{"name":"(anonymous_8)","decl":{"start":{"line":133,"column":28},"end":{"line":133,"column":29}},"loc":{"start":{"line":134,"column":12},"end":{"line":152,"column":19}},"line":134}},"branchMap":{"0":{"loc":{"start":{"line":65,"column":44},"end":{"line":65,"column":64}},"type":"binary-expr","locations":[{"start":{"line":65,"column":44},"end":{"line":65,"column":52}},{"start":{"line":65,"column":56},"end":{"line":65,"column":64}}],"line":65},"1":{"loc":{"start":{"line":72,"column":9},"end":{"line":103,"column":9}},"type":"binary-expr","locations":[{"start":{"line":72,"column":9},"end":{"line":72,"column":25}},{"start":{"line":73,"column":10},"end":{"line":102,"column":17}}],"line":72},"2":{"loc":{"start":{"line":82,"column":22},"end":{"line":82,"column":76}},"type":"binary-expr","locations":[{"start":{"line":82,"column":22},"end":{"line":82,"column":45}},{"start":{"line":82,"column":49},"end":{"line":82,"column":76}}],"line":82},"3":{"loc":{"start":{"line":136,"column":46},"end":{"line":136,"column":99}},"type":"binary-expr","locations":[{"start":{"line":136,"column":46},"end":{"line":136,"column":67}},{"start":{"line":136,"column":71},"end":{"line":136,"column":99}}],"line":136},"4":{"loc":{"start":{"line":138,"column":52},"end":{"line":138,"column":136}},"type":"cond-expr","locations":[{"start":{"line":138,"column":75},"end":{"line":138,"column":105}},{"start":{"line":138,"column":108},"end":{"line":138,"column":136}}],"line":138},"5":{"loc":{"start":{"line":139,"column":58},"end":{"line":139,"column":104}},"type":"cond-expr","locations":[{"start":{"line":139,"column":81},"end":{"line":139,"column":97}},{"start":{"line":139,"column":100},"end":{"line":139,"column":104}}],"line":139},"6":{"loc":{"start":{"line":142,"column":55},"end":{"line":142,"column":109}},"type":"binary-expr","locations":[{"start":{"line":142,"column":55},"end":{"line":142,"column":76}},{"start":{"line":142,"column":80},"end":{"line":142,"column":109}}],"line":142},"7":{"loc":{"start":{"line":147,"column":15},"end":{"line":151,"column":15}},"type":"binary-expr","locations":[{"start":{"line":147,"column":15},"end":{"line":147,"column":35}},{"start":{"line":148,"column":16},"end":{"line":150,"column":23}}],"line":147}},"s":{"0":0,"1":0,"2":0,"3":0,"4":0,"5":0,"6":0,"7":0,"8":0,"9":0,"10":0,"11":0,"12":0,"13":0,"14":0,"15":0,"16":0},"f":{"0":0,"1":0,"2":0,"3":0,"4":0,"5":0,"6":0,"7":0,"8":0},"b":{"0":[0,0],"1":[0,0],"2":[0,0],"3":[0,0],"4":[0,0],"5":[0,0],"6":[0,0],"7":[0,0]}}
,"/home/p3nguin/windsurf/src/gamedev/new/src/screens/SettingsScreen.tsx": {"path":"/home/p3nguin/windsurf/src/gamedev/new/src/screens/SettingsScreen.tsx","statementMap":{"0":{"start":{"line":11,"column":21},"end":{"line":11,"column":36}},"1":{"start":{"line":12,"column":34},"end":{"line":17,"column":4}},"2":{"start":{"line":19,"column":2},"end":{"line":21,"column":9}},"3":{"start":{"line":20,"column":4},"end":{"line":20,"column":37}},"4":{"start":{"line":23,"column":28},"end":{"line":27,"column":3}},"5":{"start":{"line":24,"column":4},"end":{"line":24,"column":47}},"6":{"start":{"line":25,"column":4},"end":{"line":25,"column":60}},"7":{"start":{"line":25,"column":25},"end":{"line":25,"column":57}},"8":{"start":{"line":26,"column":4},"end":{"line":26,"column":40}},"9":{"start":{"line":29,"column":28},"end":{"line":33,"column":3}},"10":{"start":{"line":30,"column":4},"end":{"line":30,"column":47}},"11":{"start":{"line":31,"column":4},"end":{"line":31,"column":60}},"12":{"start":{"line":31,"column":25},"end":{"line":31,"column":57}},"13":{"start":{"line":32,"column":4},"end":{"line":32,"column":40}},"14":{"start":{"line":35,"column":29},"end":{"line":39,"column":3}},"15":{"start":{"line":36,"column":4},"end":{"line":36,"column":51}},"16":{"start":{"line":37,"column":4},"end":{"line":37,"column":64}},"17":{"start":{"line":37,"column":25},"end":{"line":37,"column":61}},"18":{"start":{"line":38,"column":4},"end":{"line":38,"column":44}},"19":{"start":{"line":41,"column":28},"end":{"line":51,"column":3}},"20":{"start":{"line":42,"column":4},"end":{"line":42,"column":40}},"21":{"start":{"line":43,"column":4},"end":{"line":43,"column":46}},"22":{"start":{"line":43,"column":25},"end":{"line":43,"column":43}},"23":{"start":{"line":46,"column":4},"end":{"line":50,"column":6}},"24":{"start":{"line":53,"column":26},"end":{"line":74,"column":3}},"25":{"start":{"line":54,"column":4},"end":{"line":73,"column":6}},"26":{"start":{"line":63,"column":12},"end":{"line":69,"column":13}},"27":{"start":{"line":64,"column":14},"end":{"line":64,"column":37}},"28":{"start":{"line":65,"column":14},"end":{"line":65,"column":33}},"29":{"start":{"line":66,"column":14},"end":{"line":66,"column":65}},"30":{"start":{"line":68,"column":14},"end":{"line":68,"column":78}},"31":{"start":{"line":76,"column":2},"end":{"line":234,"column":4}},"32":{"start":{"line":81,"column":43},"end":{"line":81,"column":62}},"33":{"start":{"line":151,"column":29},"end":{"line":151,"column":54}},"34":{"start":{"line":170,"column":29},"end":{"line":170,"column":55}},"35":{"start":{"line":237,"column":15},"end":{"line":380,"column":2}}},"fnMap":{"0":{"name":"SettingsScreen","decl":{"start":{"line":10,"column":24},"end":{"line":10,"column":38}},"loc":{"start":{"line":10,"column":41},"end":{"line":235,"column":1}},"line":10},"1":{"name":"(anonymous_1)","decl":{"start":{"line":19,"column":12},"end":{"line":19,"column":13}},"loc":{"start":{"line":19,"column":18},"end":{"line":21,"column":3}},"line":19},"2":{"name":"(anonymous_2)","decl":{"start":{"line":23,"column":28},"end":{"line":23,"column":29}},"loc":{"start":{"line":23,"column":54},"end":{"line":27,"column":3}},"line":23},"3":{"name":"(anonymous_3)","decl":{"start":{"line":25,"column":16},"end":{"line":25,"column":17}},"loc":{"start":{"line":25,"column":25},"end":{"line":25,"column":57}},"line":25},"4":{"name":"(anonymous_4)","decl":{"start":{"line":29,"column":28},"end":{"line":29,"column":29}},"loc":{"start":{"line":29,"column":54},"end":{"line":33,"column":3}},"line":29},"5":{"name":"(anonymous_5)","decl":{"start":{"line":31,"column":16},"end":{"line":31,"column":17}},"loc":{"start":{"line":31,"column":25},"end":{"line":31,"column":57}},"line":31},"6":{"name":"(anonymous_6)","decl":{"start":{"line":35,"column":29},"end":{"line":35,"column":30}},"loc":{"start":{"line":35,"column":55},"end":{"line":39,"column":3}},"line":35},"7":{"name":"(anonymous_7)","decl":{"start":{"line":37,"column":16},"end":{"line":37,"column":17}},"loc":{"start":{"line":37,"column":25},"end":{"line":37,"column":61}},"line":37},"8":{"name":"(anonymous_8)","decl":{"start":{"line":41,"column":28},"end":{"line":41,"column":29}},"loc":{"start":{"line":41,"column":63},"end":{"line":51,"column":3}},"line":41},"9":{"name":"(anonymous_9)","decl":{"start":{"line":43,"column":16},"end":{"line":43,"column":17}},"loc":{"start":{"line":43,"column":25},"end":{"line":43,"column":43}},"line":43},"10":{"name":"(anonymous_10)","decl":{"start":{"line":53,"column":26},"end":{"line":53,"column":27}},"loc":{"start":{"line":53,"column":32},"end":{"line":74,"column":3}},"line":53},"11":{"name":"(anonymous_11)","decl":{"start":{"line":62,"column":19},"end":{"line":62,"column":20}},"loc":{"start":{"line":62,"column":31},"end":{"line":70,"column":11}},"line":62},"12":{"name":"(anonymous_12)","decl":{"start":{"line":81,"column":37},"end":{"line":81,"column":38}},"loc":{"start":{"line":81,"column":43},"end":{"line":81,"column":62}},"line":81},"13":{"name":"(anonymous_13)","decl":{"start":{"line":151,"column":23},"end":{"line":151,"column":24}},"loc":{"start":{"line":151,"column":29},"end":{"line":151,"column":54}},"line":151},"14":{"name":"(anonymous_14)","decl":{"start":{"line":170,"column":23},"end":{"line":170,"column":24}},"loc":{"start":{"line":170,"column":29},"end":{"line":170,"column":55}},"line":170}},"branchMap":{"0":{"loc":{"start":{"line":158,"column":55},"end":{"line":158,"column":120}},"type":"cond-expr","locations":[{"start":{"line":158,"column":83},"end":{"line":158,"column":101}},{"start":{"line":158,"column":104},"end":{"line":158,"column":120}}],"line":158},"1":{"loc":{"start":{"line":160,"column":15},"end":{"line":164,"column":15}},"type":"binary-expr","locations":[{"start":{"line":160,"column":15},"end":{"line":160,"column":40}},{"start":{"line":161,"column":16},"end":{"line":163,"column":23}}],"line":160},"2":{"loc":{"start":{"line":177,"column":55},"end":{"line":177,"column":122}},"type":"cond-expr","locations":[{"start":{"line":177,"column":84},"end":{"line":177,"column":102}},{"start":{"line":177,"column":105},"end":{"line":177,"column":122}}],"line":177},"3":{"loc":{"start":{"line":179,"column":15},"end":{"line":183,"column":15}},"type":"binary-expr","locations":[{"start":{"line":179,"column":15},"end":{"line":179,"column":41}},{"start":{"line":180,"column":16},"end":{"line":182,"column":23}}],"line":179}},"s":{"0":0,"1":0,"2":0,"3":0,"4":0,"5":0,"6":0,"7":0,"8":0,"9":0,"10":0,"11":0,"12":0,"13":0,"14":0,"15":0,"16":0,"17":0,"18":0,"19":0,"20":0,"21":0,"22":0,"23":0,"24":0,"25":0,"26":0,"27":0,"28":0,"29":0,"30":0,"31":0,"32":0,"33":0,"34":0,"35":0},"f":{"0":0,"1":0,"2":0,"3":0,"4":0,"5":0,"6":0,"7":0,"8":0,"9":0,"10":0,"11":0,"12":0,"13":0,"14":0},"b":{"0":[0,0],"1":[0,0],"2":[0,0],"3":[0,0]}}
,"/home/p3nguin/windsurf/src/gamedev/new/src/services/leaderboardService.ts": {"path":"/home/p3nguin/windsurf/src/gamedev/new/src/services/leaderboardService.ts","statementMap":{"0":{"start":{"line":4,"column":34},"end":{"line":134,"column":1}},"1":{"start":{"line":12,"column":4},"end":{"line":45,"column":5}},"2":{"start":{"line":14,"column":57},"end":{"line":18,"column":17}},"3":{"start":{"line":21,"column":6},"end":{"line":23,"column":7}},"4":{"start":{"line":22,"column":8},"end":{"line":22,"column":33}},"5":{"start":{"line":26,"column":24},"end":{"line":38,"column":9}},"6":{"start":{"line":40,"column":6},"end":{"line":40,"column":29}},"7":{"start":{"line":40,"column":17},"end":{"line":40,"column":29}},"8":{"start":{"line":41,"column":6},"end":{"line":41,"column":31}},"9":{"start":{"line":43,"column":6},"end":{"line":43,"column":54}},"10":{"start":{"line":44,"column":6},"end":{"line":44,"column":54}},"11":{"start":{"line":50,"column":4},"end":{"line":70,"column":5}},"12":{"start":{"line":51,"column":30},"end":{"line":55,"column":21}},"13":{"start":{"line":57,"column":6},"end":{"line":57,"column":29}},"14":{"start":{"line":57,"column":17},"end":{"line":57,"column":29}},"15":{"start":{"line":59,"column":6},"end":{"line":66,"column":10}},"16":{"start":{"line":59,"column":39},"end":{"line":66,"column":7}},"17":{"start":{"line":68,"column":6},"end":{"line":68,"column":58}},"18":{"start":{"line":69,"column":6},"end":{"line":69,"column":16}},"19":{"start":{"line":75,"column":4},"end":{"line":93,"column":5}},"20":{"start":{"line":76,"column":30},"end":{"line":80,"column":17}},"21":{"start":{"line":82,"column":6},"end":{"line":82,"column":29}},"22":{"start":{"line":82,"column":17},"end":{"line":82,"column":29}},"23":{"start":{"line":84,"column":6},"end":{"line":89,"column":8}},"24":{"start":{"line":91,"column":6},"end":{"line":91,"column":61}},"25":{"start":{"line":92,"column":6},"end":{"line":92,"column":18}},"26":{"start":{"line":98,"column":4},"end":{"line":111,"column":5}},"27":{"start":{"line":99,"column":30},"end":{"line":102,"column":45}},"28":{"start":{"line":104,"column":6},"end":{"line":104,"column":29}},"29":{"start":{"line":104,"column":17},"end":{"line":104,"column":29}},"30":{"start":{"line":106,"column":19},"end":{"line":106,"column":78}},"31":{"start":{"line":106,"column":50},"end":{"line":106,"column":77}},"32":{"start":{"line":107,"column":6},"end":{"line":107,"column":41}},"33":{"start":{"line":109,"column":6},"end":{"line":109,"column":58}},"34":{"start":{"line":110,"column":6},"end":{"line":110,"column":18}},"35":{"start":{"line":116,"column":4},"end":{"line":132,"column":5}},"36":{"start":{"line":117,"column":30},"end":{"line":121,"column":17}},"37":{"start":{"line":123,"column":6},"end":{"line":126,"column":7}},"38":{"start":{"line":125,"column":8},"end":{"line":125,"column":20}},"39":{"start":{"line":128,"column":6},"end":{"line":128,"column":19}},"40":{"start":{"line":130,"column":6},"end":{"line":130,"column":68}},"41":{"start":{"line":131,"column":6},"end":{"line":131,"column":19}}},"fnMap":{"0":{"name":"(anonymous_0)","decl":{"start":{"line":6,"column":2},"end":{"line":6,"column":3}},"loc":{"start":{"line":11,"column":51},"end":{"line":46,"column":3}},"line":11},"1":{"name":"(anonymous_1)","decl":{"start":{"line":49,"column":2},"end":{"line":49,"column":3}},"loc":{"start":{"line":49,"column":73},"end":{"line":71,"column":3}},"line":49},"2":{"name":"(anonymous_2)","decl":{"start":{"line":59,"column":22},"end":{"line":59,"column":23}},"loc":{"start":{"line":59,"column":39},"end":{"line":66,"column":7}},"line":59},"3":{"name":"(anonymous_3)","decl":{"start":{"line":74,"column":2},"end":{"line":74,"column":3}},"loc":{"start":{"line":74,"column":74},"end":{"line":94,"column":3}},"line":74},"4":{"name":"(anonymous_4)","decl":{"start":{"line":97,"column":2},"end":{"line":97,"column":3}},"loc":{"start":{"line":97,"column":64},"end":{"line":112,"column":3}},"line":97},"5":{"name":"(anonymous_5)","decl":{"start":{"line":106,"column":34},"end":{"line":106,"column":35}},"loc":{"start":{"line":106,"column":50},"end":{"line":106,"column":77}},"line":106},"6":{"name":"(anonymous_6)","decl":{"start":{"line":115,"column":2},"end":{"line":115,"column":3}},"loc":{"start":{"line":115,"column":64},"end":{"line":133,"column":3}},"line":115}},"branchMap":{"0":{"loc":{"start":{"line":21,"column":6},"end":{"line":23,"column":7}},"type":"if","locations":[{"start":{"line":21,"column":6},"end":{"line":23,"column":7}},{"start":{},"end":{}}],"line":21},"1":{"loc":{"start":{"line":21,"column":10},"end":{"line":21,"column":70}},"type":"binary-expr","locations":[{"start":{"line":21,"column":10},"end":{"line":21,"column":21}},{"start":{"line":21,"column":25},"end":{"line":21,"column":38}},{"start":{"line":21,"column":42},"end":{"line":21,"column":70}}],"line":21},"2":{"loc":{"start":{"line":40,"column":6},"end":{"line":40,"column":29}},"type":"if","locations":[{"start":{"line":40,"column":6},"end":{"line":40,"column":29}},{"start":{},"end":{}}],"line":40},"3":{"loc":{"start":{"line":49,"column":23},"end":{"line":49,"column":42}},"type":"default-arg","locations":[{"start":{"line":49,"column":39},"end":{"line":49,"column":42}}],"line":49},"4":{"loc":{"start":{"line":57,"column":6},"end":{"line":57,"column":29}},"type":"if","locations":[{"start":{"line":57,"column":6},"end":{"line":57,"column":29}},{"start":{},"end":{}}],"line":57},"5":{"loc":{"start":{"line":82,"column":6},"end":{"line":82,"column":29}},"type":"if","locations":[{"start":{"line":82,"column":6},"end":{"line":82,"column":29}},{"start":{},"end":{}}],"line":82},"6":{"loc":{"start":{"line":104,"column":6},"end":{"line":104,"column":29}},"type":"if","locations":[{"start":{"line":104,"column":6},"end":{"line":104,"column":29}},{"start":{},"end":{}}],"line":104},"7":{"loc":{"start":{"line":107,"column":13},"end":{"line":107,"column":40}},"type":"cond-expr","locations":[{"start":{"line":107,"column":25},"end":{"line":107,"column":33}},{"start":{"line":107,"column":36},"end":{"line":107,"column":40}}],"line":107},"8":{"loc":{"start":{"line":123,"column":6},"end":{"line":126,"column":7}},"type":"if","locations":[{"start":{"line":123,"column":6},"end":{"line":126,"column":7}},{"start":{},"end":{}}],"line":1
[...]
,"/home/p3nguin/windsurf/src/gamedev/new/src/utils/settingsStorage.ts": {"path":"/home/p3nguin/windsurf/src/gamedev/new/src/utils/settingsStorage.ts","statementMap":{"0":{"start":{"line":3,"column":21},"end":{"line":3,"column":37}},"1":{"start":{"line":12,"column":39},"end":{"line":17,"column":1}},"2":{"start":{"line":20,"column":2},"end":{"line":27,"column":3}},"3":{"start":{"line":21,"column":25},"end":{"line":21,"column":65}},"4":{"start":{"line":22,"column":4},"end":{"line":24,"column":5}},"5":{"start":{"line":23,"column":6},"end":{"line":23,"column":66}},"6":{"start":{"line":26,"column":4},"end":{"line":26,"column":52}},"7":{"start":{"line":28,"column":2},"end":{"line":28,"column":26}},"8":{"start":{"line":32,"column":2},"end":{"line":36,"column":3}},"9":{"start":{"line":33,"column":4},"end":{"line":33,"column":71}},"10":{"start":{"line":35,"column":4},"end":{"line":35,"column":52}},"11":{"start":{"line":43,"column":19},"end":{"line":43,"column":39}},"12":{"start":{"line":44,"column":2},"end":{"line":44,"column":24}},"13":{"start":{"line":45,"column":2},"end":{"line":45,"column":31}}},"fnMap":{"0":{"name":"loadSettings","decl":{"start":{"line":19,"column":22},"end":{"line":19,"column":34}},"loc":{"start":{"line":19,"column":60},"end":{"line":29,"column":1}},"line":19},"1":{"name":"saveSettings","decl":{"start":{"line":31,"column":22},"end":{"line":31,"column":34}},"loc":{"start":{"line":31,"column":74},"end":{"line":37,"column":1}},"line":31},"2":{"name":"updateSetting","decl":{"start":{"line":39,"column":22},"end":{"line":39,"column":35}},"loc":{"start":{"line":42,"column":17},"end":{"line":46,"column":1}},"line":42}},"branchMap":{"0":{"loc":{"start":{"line":22,"column":4},"end":{"line":24,"column":5}},"type":"if","locations":[{"start":{"line":22,"column":4},"end":{"line":24,"column":5}},{"start":{},"end":{}}],"line":22}},"s":{"0":0,"1":0,"2":0,"3":0,"4":0,"5":0,"6":0,"7":0,"8":0,"9":0,"10":0,"11":0,"12":0,"13":0},"f":{"0":0,"1":0,"2":0},"b":{"0":[0,0]}}
,"/home/p3nguin/windsurf/src/gamedev/new/src/utils/soundManager.ts": {"path":"/home/p3nguin/windsurf/src/gamedev/new/src/utils/soundManager.ts","statementMap":{"0":{"start":{"line":4,"column":36},"end":{"line":4,"column":40}},"1":{"start":{"line":5,"column":36},"end":{"line":5,"column":40}},"2":{"start":{"line":6,"column":40},"end":{"line":6,"column":44}},"3":{"start":{"line":41,"column":4},"end":{"line":41,"column":34}},"4":{"start":{"line":45,"column":4},"end":{"line":45,"column":34}},"5":{"start":{"line":49,"column":4},"end":{"line":49,"column":38}},"6":{"start":{"line":53,"column":4},"end":{"line":53,"column":31}},"7":{"start":{"line":57,"column":4},"end":{"line":57,"column":31}},"8":{"start":{"line":61,"column":4},"end":{"line":61,"column":35}},"9":{"start":{"line":70,"column":28},"end":{"line":70,"column":46}}},"fnMap":{"0":{"name":"(anonymous_0)","decl":{"start":{"line":8,"column":2},"end":{"line":8,"column":3}},"loc":{"start":{"line":8,"column":21},"end":{"line":10,"column":3}},"line":8},"1":{"name":"(anonymous_1)","decl":{"start":{"line":12,"column":2},"end":{"line":12,"column":3}},"loc":{"start":{"line":12,"column":55},"end":{"line":14,"column":3}},"line":12},"2":{"name":"(anonymous_2)","decl":{"start":{"line":16,"column":2},"end":{"line":16,"column":3}},"loc":{"start":{"line":16,"column":21},"end":{"line":18,"column":3}},"line":16},"3":{"name":"(anonymous_3)","decl":{"start":{"line":20,"column":2},"end":{"line":20,"column":3}},"loc":{"start":{"line":20,"column":47},"end":{"line":22,"column":3}},"line":20},"4":{"name":"(anonymous_4)","decl":{"start":{"line":24,"column":2},"end":{"line":24,"column":3}},"loc":{"start":{"line":24,"column":36},"end":{"line":26,"column":3}},"line":24},"5":{"name":"(anonymous_5)","decl":{"start":{"line":28,"column":2},"end":{"line":28,"column":3}},"loc":{"start":{"line":28,"column":30},"end":{"line":30,"column":3}},"line":28},"6":{"name":"(anonymous_6)","decl":{"start":{"line":32,"column":2},"end":{"line":32,"column":3}},"loc":{"start":{"line":32,"column":31},"end":{"line":34,"column":3}},"line":32},"7":{"name":"(anonymous_7)","decl":{"start":{"line":36,"column":2},"end":{"line":36,"column":3}},"loc":{"start":{"line":36,"column":30},"end":{"line":38,"column":3}},"line":36},"8":{"name":"(anonymous_8)","decl":{"start":{"line":40,"column":2},"end":{"line":40,"column":3}},"loc":{"start":{"line":40,"column":36},"end":{"line":42,"column":3}},"line":40},"9":{"name":"(anonymous_9)","decl":{"start":{"line":44,"column":2},"end":{"line":44,"column":3}},"loc":{"start":{"line":44,"column":36},"end":{"line":46,"column":3}},"line":44},"10":{"name":"(anonymous_10)","decl":{"start":{"line":48,"column":2},"end":{"line":48,"column":3}},"loc":{"start":{"line":48,"column":40},"end":{"line":50,"column":3}},"line":48},"11":{"name":"(anonymous_11)","decl":{"start":{"line":52,"column":2},"end":{"line":52,"column":3}},"loc":{"start":{"line":52,"column":29},"end":{"line":54,"column":3}},"line":52},"12":{"name":"(anonymous_12)","decl":{"start":{"line":56,"column":2},"end":{"line":56,"column":3}},"loc":{"start":{"line":56,"column":29},"end":{"line":58,"column":3}},"line":56},"13":{"name":"(anonymous_13)","decl":{"start":{"line":60,"column":2},"end":{"line":60,"column":3}},"loc":{"start":{"line":60,"column":33},"end":{"line":62,"column":3}},"line":60},"14":{"name":"(anonymous_14)","decl":{"start":{"line":64,"column":2},"end":{"line":64,"column":3}},"loc":{"start":{"line":64,"column":18},"end":{"line":66,"column":3}},"line":64}},"branchMap":{},"s":{"0":0,"1":0,"2":0,"3":0,"4":0,"5":0,"6":0,"7":0,"8":0,"9":0},"f":{"0":0,"1":0,"2":0,"3":0,"4":0,"5":0,"6":0,"7":0,"8":0,"9":0,"10":0,"11":0,"12":0,"13":0,"14":0},"b":{}}
,"/home/p3nguin/windsurf/src/gamedev/new/src/utils/specialTiles.ts": {"path":"/home/p3nguin/windsurf/src/gamedev/new/src/utils/specialTiles.ts","statementMap":{"0":{"start":{"line":3,"column":25},"end":{"line":3,"column":26}},"1":{"start":{"line":4,"column":25},"end":{"line":4,"column":26}},"2":{"start":{"line":11,"column":15},"end":{"line":11,"column":28}},"3":{"start":{"line":14,"column":22},"end":{"line":14,"column":50}},"4":{"start":{"line":16,"column":2},"end":{"line":16,"column":47}},"5":{"start":{"line":16,"column":33},"end":{"line":16,"column":47}},"6":{"start":{"line":17,"column":2},"end":{"line":17,"column":50}},"7":{"start":{"line":17,"column":33},"end":{"line":17,"column":50}},"8":{"start":{"line":18,"column":2},"end":{"line":18,"column":53}},"9":{"start":{"line":18,"column":33},"end":{"line":18,"column":53}},"10":{"start":{"line":20,"column":2},"end":{"line":20,"column":14}},"11":{"start":{"line":27,"column":2},"end":{"line":31,"column":3}},"12":{"start":{"line":27,"column":15},"end":{"line":27,"column":35}},"13":{"start":{"line":28,"column":4},"end":{"line":30,"column":5}},"14":{"start":{"line":28,"column":17},"end":{"line":28,"column":37}},"15":{"start":{"line":29,"column":6},"end":{"line":29,"column":24}},"16":{"start":{"line":38,"column":2},"end":{"line":38,"column":91}},"17":{"start":{"line":45,"column":2},"end":{"line":45,"column":38}},"18":{"start":{"line":52,"column":2},"end":{"line":52,"column":41}},"19":{"start":{"line":59,"column":2},"end":{"line":59,"column":58}},"20":{"start":{"line":59,"column":28},"end":{"line":59,"column":56}},"21":{"start":{"line":66,"column":2},"end":{"line":66,"column":61}},"22":{"start":{"line":66,"column":28},"end":{"line":66,"column":59}},"23":{"start":{"line":74,"column":2},"end":{"line":74,"column":106}},"24":{"start":{"line":74,"column":28},"end":{"line":74,"column":59}},"25":{"start":{"line":74,"column":82},"end":{"line":74,"column":92}},"26":{"start":{"line":81,"column":21},"end":{"line":81,"column":72}},"27":{"start":{"line":81,"column":40},"end":{"line":81,"column":71}},"28":{"start":{"line":82,"column":2},"end":{"line":85,"column":3}},"29":{"start":{"line":83,"column":21},"end":{"line":83,"column":82}},"30":{"start":{"line":83,"column":51},"end":{"line":83,"column":61}},"31":{"start":{"line":83,"column":72},"end":{"line":83,"column":80}},"32":{"start":{"line":84,"column":4},"end":{"line":84,"column":24}},"33":{"start":{"line":86,"column":2},"end":{"line":86,"column":26}},"34":{"start":{"line":93,"column":19},"end":{"line":93,"column":28}},"35":{"start":{"line":94,"column":2},"end":{"line":98,"column":3}},"36":{"start":{"line":95,"column":4},"end":{"line":97,"column":5}},"37":{"start":{"line":96,"column":6},"end":{"line":96,"column":41}},"38":{"start":{"line":99,"column":2},"end":{"line":99,"column":20}},"39":{"start":{"line":109,"column":2},"end":{"line":109,"column":32}},"40":{"start":{"line":109,"column":20},"end":{"line":109,"column":32}},"41":{"start":{"line":111,"column":17},"end":{"line":111,"column":41}},"42":{"start":{"line":112,"column":2},"end":{"line":114,"column":3}},"43":{"start":{"line":113,"column":4},"end":{"line":113,"column":31}},"44":{"start":{"line":115,"column":2},"end":{"line":115,"column":16}}},"fnMap":{"0":{"name":"generateSpecialTile","decl":{"start":{"line":10,"column":16},"end":{"line":10,"column":35}},"loc":{"start":{"line":10,"column":75},"end":{"line":21,"column":1}},"line":10},"1":{"name":"applyBombEffect","decl":{"start":{"line":26,"column":16},"end":{"line":26,"column":31}},"loc":{"start":{"line":26,"column":89},"end":{"line":32,"column":1}},"line":26},"2":{"name":"applyMultiplierEffect","decl":{"start":{"line":37,"column":16},"end":{"line":37,"column":37}},"loc":{"start":{"line":37,"column":56},"end":{"line":39,"column":1}},"line":37},"3":{"name":"hasBombTile","decl":{"start":{"line":44,"column":16},"end":{"line":44,"column":27}},"loc":{"start":{"line":44,"column":56},"end":{"line":46,"column":1}},"line":44},"4":{"name":"hasRainbowTile","decl":{"start":{"line":51,"column":16},"end":{"line":51,"column":30}},"loc":{"start":{"line":51,"column":59},"end":{"line":53,"column":1}},"line":51},"5":{"name":"hasAnyBomb","decl":{"start":{"line":58,"column":16},"end":{"line":58,"column":26}},"loc":{"start":{"line":58,"column":60},"end":{"line":60,"column":1}},"line":58},"6":{"name":"(anonymous_6)","decl":{"start":{"line":59,"column":20},"end":{"line":59,"column":21}},"loc":{"start":{"line":59,"column":28},"end":{"line":59,"column":56}},"line":59},"7":{"name":"hasAnyRainbow","decl":{"start":{"line":65,"column":16},"end":{"line":65,"column":29}},"loc":{"start":{"line":65,"column":63},"end":{"line":67,"column":1}},"line":65},"8":{"name":"(anonymous_8)","decl":{"start":{"line":66,"column":20},"end":{"line":66,"column":21}},"loc":{"start":{"line":66,"column":28},"end":{"line":66,"column":59}},"line":66},"9":{"name":"canRainbowMerge","decl":{"start":{"line":73,"column":16},"end":{"line":73,"column":31}},"loc":{"start":{"line":73,"column":65},"end":{"line":75,"column":1}},"line":73},"10":{"name":"(anonymous_10)","decl":{"start":{"line":74,"column":20},"end":{"line":74,"column":21}},"loc":{"start":{"line":74,"column":28},"end":{"line":74,"column":59}},"line":74},"11":{"name":"(anonymous_11)","decl":{"start":{"line":74,"column":77},"end":{"line":74,"column":78}},"loc":{"start":{"line":74,"column":82},"end":{"line":74,"column":92}},"line":74},"12":{"name":"calculateMergeValue","decl":{"start":{"line":80,"column":16},"end":{"line":80,"column":35}},"loc":{"start":{"line":80,"column":90},"end":{"line":87,"column":1}},"line":80},"13":{"name":"(anonymous_13)","decl":{"start":{"line":81,"column":32},"end":{"line":81,"column":33}},"loc":{"start":{"line":81,"column":40},"end":{"line":81,"column":71}},"line":81},"14":{"name":"(anonymous_14)","decl":{"start":{"line":83,"column":46},"end":{"line":83,"column":47}},"loc":{"start":{"line":83,"column":51},"end":{"line":83,"column":61}},"line":83},"15":{"name":"(anonymous_15)","decl":{"start":{"line":83,"column":67},"end":{"line":83,"column":68}},"loc":{"start":{"line":83,"column":72},"end":{"line":83,"column":80}},"line":83},"16":{"name":"calculateScoreWithMultipliers","decl":{"start":{"line":92,"column":16},"end":{"line":92,"column":45}},"loc":{"start":{"line":92,"column":97},"end":{"line":100,"column":1}},"line":92},"17":{"name":"applySpecialTileToMerged","decl":{"start":{"line":105,"column":16},"end":{"line":105,"column":40}},"loc":{"start":{"line":108,"column":8},"end":{"line":116,"column":1}},"line":108}},"branchMap":{"0":{"loc":{"start":{"line":16,"column":2},"end":{"line":16,"column":47}},"type":"if","locations":[{"start":{"line":16,"column":2},"end":{"line":16,"column":47}},{"start":{},"end":{}}],"line":16},"1":{"loc":{"start":{"line":17,"column":2},"end":{"line":17,"column":50}},"type":"if","locations":[{"start":{"line":17,"column":2},"end":{"line":17,"column":50}},{"start":{},"end":{}}],"line":17},"2":{"loc":{"start":{"line":18,"column":2},"end":{"line":18,"column":53}},"type":"if","locations":[{"start":{"line":18,"column":2},"end":{"line":18,"column":53}},{"start":{},"end":{}}],"line":18},"3":{"loc":{"start":{"line":38,"column":37},"end":{"line":38,"column":88}},"type":"cond-expr","locations":[{"start":{"line":38,"column":60},"end":{"line":38,"column":84}},{"start":{"line":38,"column":87},"end":{"line":38,"column":88}}],"line":38},"4":{"loc":{"start":{"line":74,"column":9},"end":{"line":74,"column":105}},"type":"binary-expr","locations":[{"start":{"line":74,"column":9},"end":{"line":74,"column":60}},{"start":{"line":74,"column":64},"end":{"line":74,"column":105}}],"line":74},"5":{"loc":{"start":{"line":82,"column":2},"end":{"line":85,"column":3}},"type":"if","locations":[{"start":{"line":82,"column":2},"end":{"line":85,"column":3}},{"start":{},"end":{}}],"line":82},"6":{"loc":{"start":{"line":95,"column":4},"end":{"line":97,"column":5}},"type":"if","locations":[{"start":{"line":95,"column":4},"end":{"line":97,"column":5}},{"start":{},"end":{}}],"line":95},"7":{"loc":{"start":{"line":109,"column":2},"end":{"line":109,"column":32}},"type":"if","locations":[{"start":{"line":109,"column":2},"end":{"line":109,"column":32}},{"start":{},"end":{}}],"line":109},"8":{"loc":{"start":{"line":112,"column":2},"end":{"line":114,"column":3}},"type":"if","locations":[{"start":{"line":112,"column":2},"end":{"line":114,"column":3}},{"start":{},"end":{}}],"line":112}},"s":{"0":0,"1":0,"2":0,"3":0,"4":0,"5":0,"6":0,"7":0,"8":0,"9":0,"10":0,"11":0,"12":0,"13":0,"14":0,"15":0,"16":0,"17":0,"18":0,"19":0,"20":0,"21":0,"22":0,"23":0,"24":0,"25":0,"26":0,"27":0,"28":0,"29":0,"30":0,"31":0,"32":0,"33":0,"34":0,"35":0,"36":0,"37":0,"38":0,"39":0,"40":0,"41":0,"42":0,"43":0,"44":0},"f":{"0":0,"1":0,"2":0,"3":0,"4":0,"5":0,"6":0,"7":0,"8":0,"9":0,"10":0,"11":0,"12":0,"13":0,"14":0,"15":0,"16":0,"17":0},"b":{"0":[0,0],"1":[0,0],"2":[0,0],"3":[0,0],"4":[0,0],"5":[0,0],"6":[0,0],"7":[0,0],"8":[0,0]}}
,"/home/p3nguin/windsurf/src/gamedev/new/src/utils/statsStorage.ts": {"path":"/home/p3nguin/windsurf/src/gamedev/new/src/utils/statsStorage.ts","statementMap":{"0":{"start":{"line":4,"column":18},"end":{"line":4,"column":31}},"1":{"start":{"line":6,"column":33},"end":{"line":11,"column":1}},"2":{"start":{"line":14,"column":2},"end":{"line":23,"column":3}},"3":{"start":{"line":15,"column":22},"end":{"line":15,"column":59}},"4":{"start":{"line":16,"column":4},"end":{"line":18,"column":5}},"5":{"start":{"line":17,"column":6},"end":{"line":17,"column":48}},"6":{"start":{"line":19,"column":4},"end":{"line":19,"column":25}},"7":{"start":{"line":21,"column":4},"end":{"line":21,"column":50}},"8":{"start":{"line":22,"column":4},"end":{"line":22,"column":25}},"9":{"start":{"line":27,"column":2},"end":{"line":31,"column":3}},"10":{"start":{"line":28,"column":4},"end":{"line":28,"column":65}},"11":{"start":{"line":30,"column":4},"end":{"line":30,"column":50}},"12":{"start":{"line":39,"column":23},"end":{"line":39,"column":40}},"13":{"start":{"line":41,"column":30},"end":{"line":46,"column":3}},"14":{"start":{"line":48,"column":2},"end":{"line":48,"column":28}},"15":{"start":{"line":49,"column":2},"end":{"line":49,"column":18}},"16":{"start":{"line":53,"column":2},"end":{"line":57,"column":3}},"17":{"start":{"line":54,"column":4},"end":{"line":54,"column":45}},"18":{"start":{"line":56,"column":4},"end":{"line":56,"column":51}}},"fnMap":{"0":{"name":"loadStats","decl":{"start":{"line":13,"column":22},"end":{"line":13,"column":31}},"loc":{"start":{"line":13,"column":54},"end":{"line":24,"column":1}},"line":13},"1":{"name":"saveStats","decl":{"start":{"line":26,"column":22},"end":{"line":26,"column":31}},"loc":{"start":{"line":26,"column":65},"end":{"line":32,"column":1}},"line":26},"2":{"name":"updateStats","decl":{"start":{"line":34,"column":22},"end":{"line":34,"column":33}},"loc":{"start":{"line":38,"column":22},"end":{"line":50,"column":1}},"line":38},"3":{"name":"clearStats","decl":{"start":{"line":52,"column":22},"end":{"line":52,"column":32}},"loc":{"start":{"line":52,"column":50},"end":{"line":58,"column":1}},"line":52}},"branchMap":{"0":{"loc":{"start":{"line":16,"column":4},"end":{"line":18,"column":5}},"type":"if","locations":[{"start":{"line":16,"column":4},"end":{"line":18,"column":5}},{"start":{},"end":{}}],"line":16}},"s":{"0":0,"1":0,"2":0,"3":0,"4":0,"5":0,"6":0,"7":0,"8":0,"9":0,"10":0,"11":0,"12":0,"13":0,"14":0,"15":0,"16":0,"17":0,"18":0},"f":{"0":0,"1":0,"2":0,"3":0},"b":{"0":[0,0]}}
,"/home/p3nguin/windsurf/src/gamedev/new/src/utils/tutorialStorage.ts": {"path":"/home/p3nguin/windsurf/src/gamedev/new/src/utils/tutorialStorage.ts","statementMap":{"0":{"start":{"line":3,"column":31},"end":{"line":3,"column":52}},"1":{"start":{"line":6,"column":2},"end":{"line":12,"column":3}},"2":{"start":{"line":7,"column":18},"end":{"line":7,"column":68}},"3":{"start":{"line":8,"column":4},"end":{"line":8,"column":28}},"4":{"start":{"line":10,"column":4},"end":{"line":10,"column":60}},"5":{"start":{"line":11,"column":4},"end":{"line":11,"column":17}},"6":{"start":{"line":16,"column":2},"end":{"line":20,"column":3}},"7":{"start":{"line":17,"column":4},"end":{"line":17,"column":63}},"8":{"start":{"line":19,"column":4},"end":{"line":19,"column":65}},"9":{"start":{"line":24,"column":2},"end":{"line":28,"column":3}},"10":{"start":{"line":25,"column":4},"end":{"line":25,"column":58}},"11":{"start":{"line":27,"column":4},"end":{"line":27,"column":53}}},"fnMap":{"0":{"name":"hasCompletedTutorial","decl":{"start":{"line":5,"column":22},"end":{"line":5,"column":42}},"loc":{"start":{"line":5,"column":63},"end":{"line":13,"column":1}},"line":5},"1":{"name":"markTutorialCompleted","decl":{"start":{"line":15,"column":22},"end":{"line":15,"column":43}},"loc":{"start":{"line":15,"column":61},"end":{"line":21,"column":1}},"line":15},"2":{"name":"resetTutorial","decl":{"start":{"line":23,"column":22},"end":{"line":23,"column":35}},"loc":{"start":{"line":23,"column":53},"end":{"line":29,"column":1}},"line":23}},"branchMap":{},"s":{"0":0,"1":0,"2":0,"3":0,"4":0,"5":0,"6":0,"7":0,"8":0,"9":0,"10":0,"11":0},"f":{"0":0,"1":0,"2":0},"b":{}}
}
