TN:
SF:src/components/GameBoard.tsx
FN:33,(anonymous_0)
FN:36,GameBoard
FN:39,(anonymous_2)
FN:53,(anonymous_3)
FN:57,(anonymous_4)
FN:63,(anonymous_5)
FN:68,(anonymous_6)
FN:76,(anonymous_7)
FN:87,(anonymous_8)
FN:91,(anonymous_9)
FN:99,(anonymous_10)
FN:110,(anonymous_11)
FN:121,(anonymous_12)
FN:143,(anonymous_13)
FN:147,(anonymous_14)
FN:149,(anonymous_15)
FN:190,(anonymous_16)
FN:206,(anonymous_17)
FN:210,(anonymous_18)
FN:212,(anonymous_19)
FN:227,(anonymous_20)
FN:240,(anonymous_21)
FN:253,(anonymous_22)
FN:258,(anonymous_23)
FN:263,(anonymous_24)
FN:271,(anonymous_25)
FN:279,(anonymous_26)
FN:281,(anonymous_27)
FN:285,(anonymous_28)
FN:289,(anonymous_29)
FN:329,(anonymous_30)
FN:330,(anonymous_31)
FN:337,(anonymous_32)
FN:419,(anonymous_33)
FNF:34
FNH:0
FNDA:0,(anonymous_0)
FNDA:0,GameBoard
FNDA:0,(anonymous_2)
FNDA:0,(anonymous_3)
FNDA:0,(anonymous_4)
FNDA:0,(anonymous_5)
FNDA:0,(anonymous_6)
FNDA:0,(anonymous_7)
FNDA:0,(anonymous_8)
FNDA:0,(anonymous_9)
FNDA:0,(anonymous_10)
FNDA:0,(anonymous_11)
FNDA:0,(anonymous_12)
FNDA:0,(anonymous_13)
FNDA:0,(anonymous_14)
FNDA:0,(anonymous_15)
FNDA:0,(anonymous_16)
FNDA:0,(anonymous_17)
FNDA:0,(anonymous_18)
FNDA:0,(anonymous_19)
FNDA:0,(anonymous_20)
FNDA:0,(anonymous_21)
FNDA:0,(anonymous_22)
FNDA:0,(anonymous_23)
FNDA:0,(anonymous_24)
FNDA:0,(anonymous_25)
FNDA:0,(anonymous_26)
FNDA:0,(anonymous_27)
FNDA:0,(anonymous_28)
FNDA:0,(anonymous_29)
FNDA:0,(anonymous_30)
FNDA:0,(anonymous_31)
FNDA:0,(anonymous_32)
FNDA:0,(anonymous_33)
DA:32,0
DA:33,0
DA:37,0
DA:38,0
DA:39,0
DA:45,0
DA:46,0
DA:47,0
DA:48,0
DA:49,0
DA:50,0
DA:53,0
DA:54,0
DA:55,0
DA:57,0
DA:58,0
DA:59,0
DA:60,0
DA:63,0
DA:64,0
DA:68,0
DA:69,0
DA:70,0
DA:71,0
DA:72,0
DA:76,0
DA:77,0
DA:82,0
DA:83,0
DA:84,0
DA:85,0
DA:86,0
DA:87,0
DA:88,0
DA:91,0
DA:92,0
DA:99,0
DA:100,0
DA:104,0
DA:110,0
DA:111,0
DA:114,0
DA:119,0
DA:121,0
DA:123,0
DA:124,0
DA:126,0
DA:127,0
DA:129,0
DA:130,0
DA:132,0
DA:133,0
DA:136,0
DA:137,0
DA:138,0
DA:144,0
DA:145,0
DA:148,0
DA:150,0
DA:153,0
DA:156,0
DA:161,0
DA:164,0
DA:165,0
DA:166,0
DA:169,0
DA:170,0
DA:171,0
DA:172,0
DA:173,0
DA:174,0
DA:175,0
DA:177,0
DA:182,0
DA:185,0
DA:186,0
DA:187,0
DA:190,0
DA:191,0
DA:193,0
DA:195,0
DA:196,0
DA:199,0
DA:200,0
DA:201,0
DA:207,0
DA:208,0
DA:211,0
DA:213,0
DA:218,0
DA:227,0
DA:229,0
DA:230,0
DA:236,0
DA:237,0
DA:240,0
DA:241,0
DA:245,0
DA:246,0
DA:248,0
DA:250,0
DA:253,0
DA:254,0
DA:255,0
DA:258,0
DA:259,0
DA:260,0
DA:263,0
DA:265,0
DA:266,0
DA:268,0
DA:271,0
DA:273,0
DA:274,0
DA:276,0
DA:279,0
DA:281,0
DA:285,0
DA:289,0
DA:293,0
DA:330,0
DA:333,0
DA:337,0
DA:419,0
DA:427,0
LF:125
LH:0
BRDA:33,0,0,0
BRDA:33,0,1,0
BRDA:69,1,0,0
BRDA:69,1,1,0
BRDA:69,2,0,0
BRDA:69,2,1,0
BRDA:111,3,0,0
BRDA:111,3,1,0
BRDA:111,4,0,0
BRDA:111,4,1,0
BRDA:119,5,0,0
BRDA:119,5,1,0
BRDA:136,6,0,0
BRDA:136,6,1,0
BRDA:144,7,0,0
BRDA:144,7,1,0
BRDA:172,8,0,0
BRDA:172,8,1,0
BRDA:173,9,0,0
BRDA:173,9,1,0
BRDA:175,10,0,0
BRDA:175,10,1,0
BRDA:177,11,0,0
BRDA:177,11,1,0
BRDA:186,12,0,0
BRDA:186,12,1,0
BRDA:193,13,0,0
BRDA:193,13,1,0
BRDA:199,14,0,0
BRDA:199,14,1,0
BRDA:207,15,0,0
BRDA:207,15,1,0
BRDA:222,16,0,0
BRDA:222,16,1,0
BRDA:223,17,0,0
BRDA:223,17,1,0
BRDA:245,18,0,0
BRDA:245,18,1,0
BRDA:265,19,0,0
BRDA:265,19,1,0
BRDA:273,20,0,0
BRDA:273,20,1,0
BRDA:279,21,0,0
BRDA:279,21,1,0
BRDA:352,22,0,0
BRDA:352,22,1,0
BRDA:361,23,0,0
BRDA:361,23,1,0
BRDA:365,24,0,0
BRDA:365,24,1,0
BRDA:371,25,0,0
BRDA:371,25,1,0
BRDA:386,26,0,0
BRDA:386,26,1,0
BRDA:418,27,0,0
BRDA:418,27,1,0
BRDA:418,27,2,0
BRF:57
BRH:0
end_of_record
TN:
SF:src/components/Grid.tsx
FN:12,Grid
FN:15,(anonymous_1)
FN:17,(anonymous_2)
FN:22,(anonymous_3)
FN:32,(anonymous_4)
FNF:5
FNH:0
FNDA:0,Grid
FNDA:0,(anonymous_1)
FNDA:0,(anonymous_2)
FNDA:0,(anonymous_3)
FNDA:0,(anonymous_4)
DA:13,0
DA:16,0
DA:18,0
DA:22,0
DA:32,0
DA:46,0
LF:6
LH:0
BRDA:19,0,0,0
BRDA:19,0,1,0
BRF:2
BRH:0
end_of_record
TN:
SF:src/components/Tile.tsx
FN:12,Tile
FN:20,(anonymous_1)
FN:45,(anonymous_2)
FN:63,(anonymous_3)
FNF:4
FNH:0
FNDA:0,Tile
FNDA:0,(anonymous_1)
FNDA:0,(anonymous_2)
FNDA:0,(anonymous_3)
DA:10,0
DA:13,0
DA:15,0
DA:16,0
DA:17,0
DA:18,0
DA:20,0
DA:21,0
DA:22,0
DA:23,0
DA:45,0
DA:46,0
DA:47,0
DA:63,0
DA:64,0
DA:65,0
DA:66,0
DA:67,0
DA:76,0
DA:85,0
DA:100,0
LF:21
LH:0
BRDA:13,0,0,0
BRDA:13,0,1,0
BRDA:15,1,0,0
BRDA:15,1,1,0
BRDA:16,2,0,0
BRDA:16,2,1,0
BRDA:21,3,0,0
BRDA:21,3,1,0
BRDA:46,4,0,0
BRDA:46,4,1,0
BRDA:64,5,0,0
BRDA:64,5,1,0
BRDA:64,6,0,0
BRDA:64,6,1,0
BRDA:64,6,2,0
BRF:15
BRH:0
end_of_record
TN:
SF:src/components/TutorialOverlay.tsx
FN:39,TutorialOverlay
FN:44,(anonymous_1)
FN:54,(anonymous_2)
FN:62,(anonymous_3)
FN:67,(anonymous_4)
FN:72,(anonymous_5)
FN:87,(anonymous_6)
FNF:7
FNH:0
FNDA:0,TutorialOverlay
FNDA:0,(anonymous_1)
FNDA:0,(anonymous_2)
FNDA:0,(anonymous_3)
FNDA:0,(anonymous_4)
FNDA:0,(anonymous_5)
FNDA:0,(anonymous_6)
DA:12,0
DA:40,0
DA:41,0
DA:42,0
DA:44,0
DA:45,0
DA:46,0
DA:47,0
DA:49,0
DA:50,0
DA:54,0
DA:55,0
DA:56,0
DA:58,0
DA:62,0
DA:63,0
DA:64,0
DA:67,0
DA:68,0
DA:69,0
DA:72,0
DA:77,0
DA:79,0
DA:81,0
DA:88,0
DA:133,0
LF:26
LH:0
BRDA:45,0,0,0
BRDA:45,0,1,0
BRDA:55,1,0,0
BRDA:55,1,1,0
BRDA:77,2,0,0
BRDA:77,2,1,0
BRDA:92,3,0,0
BRDA:92,3,1,0
BRDA:93,4,0,0
BRDA:93,4,1,0
BRDA:123,5,0,0
BRDA:123,5,1,0
BRF:12
BRH:0
end_of_record
TN:
SF:src/components/UsernameModal.tsx
FN:21,UsernameModal
FN:27,(anonymous_1)
FNF:2
FNH:0
FNDA:0,UsernameModal
FNDA:0,(anonymous_1)
DA:22,0
DA:23,0
DA:24,0
DA:25,0
DA:27,0
DA:28,0
DA:29,0
DA:30,0
DA:33,0
DA:34,0
DA:35,0
DA:38,0
DA:39,0
DA:40,0
DA:44,0
DA:45,0
DA:46,0
DA:49,0
DA:50,0
DA:52,0
DA:53,0
DA:55,0
DA:56,0
DA:57,0
DA:58,0
DA:61,0
DA:62,0
DA:63,0
DA:64,0
DA:66,0
DA:68,0
DA:72,0
DA:130,0
LF:33
LH:0
BRDA:28,0,0,0
BRDA:28,0,1,0
BRDA:33,1,0,0
BRDA:33,1,1,0
BRDA:38,2,0,0
BRDA:38,2,1,0
BRDA:44,3,0,0
BRDA:44,3,1,0
BRDA:55,4,0,0
BRDA:55,4,1,0
BRDA:97,5,0,0
BRDA:97,5,1,0
BRDA:113,6,0,0
BRDA:113,6,1,0
BRF:14
BRH:0
end_of_record
TN:
SF:src/config/supabase.ts
FNF:0
FNH:0
DA:5,0
DA:6,0
DA:8,0
DA:9,0
DA:12,0
LF:5
LH:0
BRDA:5,0,0,0
BRDA:5,0,1,0
BRDA:6,1,0,0
BRDA:6,1,1,0
BRDA:8,2,0,0
BRDA:8,2,1,0
BRDA:8,3,0,0
BRDA:8,3,1,0
BRF:8
BRH:0
end_of_record
TN:
SF:src/contexts/UserContext.tsx
FN:19,UserProvider
FN:25,(anonymous_1)
FN:29,(anonymous_2)
FN:44,(anonymous_3)
FN:56,(anonymous_4)
FN:85,useUser
FNF:6
FNH:0
FNDA:0,UserProvider
FNDA:0,(anonymous_1)
FNDA:0,(anonymous_2)
FNDA:0,(anonymous_3)
FNDA:0,(anonymous_4)
FNDA:0,useUser
DA:15,0
DA:17,0
DA:20,0
DA:21,0
DA:22,0
DA:23,0
DA:25,0
DA:26,0
DA:29,0
DA:30,0
DA:31,0
DA:32,0
DA:33,0
DA:34,0
DA:35,0
DA:37,0
DA:38,0
DA:40,0
DA:44,0
DA:45,0
DA:46,0
DA:47,0
DA:48,0
DA:50,0
DA:51,0
DA:52,0
DA:56,0
DA:57,0
DA:58,0
DA:59,0
DA:60,0
DA:62,0
DA:63,0
DA:64,0
DA:68,0
DA:86,0
DA:87,0
DA:88,0
DA:90,0
LF:39
LH:0
BRDA:87,0,0,0
BRDA:87,0,1,0
BRF:2
BRH:0
end_of_record
TN:
SF:src/screens/HomeScreen.tsx
FN:9,HomeScreen
FN:19,(anonymous_1)
FN:20,(anonymous_2)
FN:29,(anonymous_3)
FN:48,(anonymous_4)
FN:71,(anonymous_5)
FN:102,(anonymous_6)
FN:117,(anonymous_7)
FN:132,(anonymous_8)
FN:166,(anonymous_9)
FNF:10
FNH:0
FNDA:0,HomeScreen
FNDA:0,(anonymous_1)
FNDA:0,(anonymous_2)
FNDA:0,(anonymous_3)
FNDA:0,(anonymous_4)
FNDA:0,(anonymous_5)
FNDA:0,(anonymous_6)
FNDA:0,(anonymous_7)
FNDA:0,(anonymous_8)
FNDA:0,(anonymous_9)
DA:10,0
DA:11,0
DA:12,0
DA:16,0
DA:18,0
DA:20,0
DA:21,0
DA:29,0
DA:30,0
DA:31,0
DA:35,0
DA:48,0
DA:71,0
DA:102,0
DA:117,0
DA:132,0
DA:166,0
DA:172,0
LF:18
LH:0
BRDA:30,0,0,0
BRDA:30,0,1,0
BRDA:30,1,0,0
BRDA:30,1,1,0
BRDA:42,2,0,0
BRDA:42,2,1,0
BRF:6
BRH:0
end_of_record
TN:
SF:src/screens/HowToPlayScreen.tsx
FN:6,HowToPlayScreen
FN:14,(anonymous_1)
FNF:2
FNH:0
FNDA:0,HowToPlayScreen
FNDA:0,(anonymous_1)
DA:7,0
DA:9,0
DA:14,0
DA:148,0
LF:4
LH:0
BRF:0
BRH:0
end_of_record
TN:
SF:src/screens/LeaderboardScreen.tsx
FN:16,LeaderboardScreen
FN:26,(anonymous_1)
FN:31,(anonymous_2)
FN:50,(anonymous_3)
FN:55,(anonymous_4)
FN:66,(anonymous_5)
FN:70,(anonymous_6)
FN:77,(anonymous_7)
FN:114,(anonymous_8)
FN:116,(anonymous_9)
FN:131,(anonymous_10)
FN:147,(anonymous_11)
FN:182,(anonymous_12)
FNF:13
FNH:0
FNDA:0,LeaderboardScreen
FNDA:0,(anonymous_1)
FNDA:0,(anonymous_2)
FNDA:0,(anonymous_3)
FNDA:0,(anonymous_4)
FNDA:0,(anonymous_5)
FNDA:0,(anonymous_6)
FNDA:0,(anonymous_7)
FNDA:0,(anonymous_8)
FNDA:0,(anonymous_9)
FNDA:0,(anonymous_10)
FNDA:0,(anonymous_11)
FNDA:0,(anonymous_12)
DA:17,0
DA:18,0
DA:19,0
DA:20,0
DA:21,0
DA:22,0
DA:23,0
DA:25,0
DA:27,0
DA:31,0
DA:32,0
DA:33,0
DA:34,0
DA:35,0
DA:37,0
DA:38,0
DA:39,0
DA:42,0
DA:43,0
DA:45,0
DA:46,0
DA:50,0
DA:51,0
DA:52,0
DA:55,0
DA:56,0
DA:66,0
DA:67,0
DA:68,0
DA:70,0
DA:71,0
DA:72,0
DA:73,0
DA:74,0
DA:77,0
DA:78,0
DA:79,0
DA:80,0
DA:81,0
DA:84,0
DA:86,0
DA:114,0
DA:115,0
DA:116,0
DA:124,0
DA:125,0
DA:131,0
DA:138,0
DA:139,0
DA:148,0
DA:149,0
DA:160,0
DA:182,0
DA:191,0
LF:54
LH:0
BRDA:37,0,0,0
BRDA:37,0,1,0
BRDA:71,1,0,0
BRDA:71,1,1,0
BRDA:72,2,0,0
BRDA:72,2,1,0
BRDA:73,3,0,0
BRDA:73,3,1,0
BRDA:78,4,0,0
BRDA:78,4,1,0
BRDA:79,5,0,0
BRDA:79,5,1,0
BRDA:80,6,0,0
BRDA:80,6,1,0
BRDA:90,7,0,0
BRDA:90,7,1,0
BRDA:94,8,0,0
BRDA:94,8,1,0
BRDA:99,9,0,0
BRDA:99,9,1,0
BRDA:101,10,0,0
BRDA:101,10,1,0
BRDA:107,11,0,0
BRDA:107,11,1,0
BRDA:124,12,0,0
BRDA:124,12,1,0
BRDA:138,13,0,0
BRDA:138,13,1,0
BRDA:164,14,0,0
BRDA:164,14,1,0
BRDA:164,14,2,0
BRDA:171,15,0,0
BRDA:171,15,1,0
BRF:33
BRH:0
end_of_record
TN:
SF:src/screens/ProfileScreen.tsx
FN:9,ProfileScreen
FN:21,(anonymous_1)
FN:22,(anonymous_2)
FN:45,(anonymous_3)
FN:57,(anonymous_4)
FN:77,(anonymous_5)
FN:84,(anonymous_6)
FN:96,(anonymous_7)
FN:133,(anonymous_8)
FNF:9
FNH:0
FNDA:0,ProfileScreen
FNDA:0,(anonymous_1)
FNDA:0,(anonymous_2)
FNDA:0,(anonymous_3)
FNDA:0,(anonymous_4)
FNDA:0,(anonymous_5)
FNDA:0,(anonymous_6)
FNDA:0,(anonymous_7)
FNDA:0,(anonymous_8)
DA:10,0
DA:11,0
DA:12,0
DA:18,0
DA:20,0
DA:22,0
DA:23,0
DA:33,0
DA:40,0
DA:45,0
DA:57,0
DA:78,0
DA:85,0
DA:86,0
DA:96,0
DA:134,0
DA:160,0
LF:17
LH:0
BRDA:65,0,0,0
BRDA:65,0,1,0
BRDA:72,1,0,0
BRDA:72,1,1,0
BRDA:82,2,0,0
BRDA:82,2,1,0
BRDA:136,3,0,0
BRDA:136,3,1,0
BRDA:138,4,0,0
BRDA:138,4,1,0
BRDA:139,5,0,0
BRDA:139,5,1,0
BRDA:142,6,0,0
BRDA:142,6,1,0
BRDA:147,7,0,0
BRDA:147,7,1,0
BRF:16
BRH:0
end_of_record
TN:
SF:src/screens/SettingsScreen.tsx
FN:10,SettingsScreen
FN:19,(anonymous_1)
FN:23,(anonymous_2)
FN:25,(anonymous_3)
FN:29,(anonymous_4)
FN:31,(anonymous_5)
FN:35,(anonymous_6)
FN:37,(anonymous_7)
FN:41,(anonymous_8)
FN:43,(anonymous_9)
FN:53,(anonymous_10)
FN:62,(anonymous_11)
FN:81,(anonymous_12)
FN:151,(anonymous_13)
FN:170,(anonymous_14)
FNF:15
FNH:0
FNDA:0,SettingsScreen
FNDA:0,(anonymous_1)
FNDA:0,(anonymous_2)
FNDA:0,(anonymous_3)
FNDA:0,(anonymous_4)
FNDA:0,(anonymous_5)
FNDA:0,(anonymous_6)
FNDA:0,(anonymous_7)
FNDA:0,(anonymous_8)
FNDA:0,(anonymous_9)
FNDA:0,(anonymous_10)
FNDA:0,(anonymous_11)
FNDA:0,(anonymous_12)
FNDA:0,(anonymous_13)
FNDA:0,(anonymous_14)
DA:11,0
DA:12,0
DA:19,0
DA:20,0
DA:23,0
DA:24,0
DA:25,0
DA:26,0
DA:29,0
DA:30,0
DA:31,0
DA:32,0
DA:35,0
DA:36,0
DA:37,0
DA:38,0
DA:41,0
DA:42,0
DA:43,0
DA:46,0
DA:53,0
DA:54,0
DA:63,0
DA:64,0
DA:65,0
DA:66,0
DA:68,0
DA:76,0
DA:81,0
DA:151,0
DA:170,0
DA:237,0
LF:32
LH:0
BRDA:158,0,0,0
BRDA:158,0,1,0
BRDA:160,1,0,0
BRDA:160,1,1,0
BRDA:177,2,0,0
BRDA:177,2,1,0
BRDA:179,3,0,0
BRDA:179,3,1,0
BRF:8
BRH:0
end_of_record
TN:
SF:src/services/leaderboardService.ts
FN:6,(anonymous_0)
FN:49,(anonymous_1)
FN:59,(anonymous_2)
FN:74,(anonymous_3)
FN:97,(anonymous_4)
FN:106,(anonymous_5)
FN:115,(anonymous_6)
FNF:7
FNH:0
FNDA:0,(anonymous_0)
FNDA:0,(anonymous_1)
FNDA:0,(anonymous_2)
FNDA:0,(anonymous_3)
FNDA:0,(anonymous_4)
FNDA:0,(anonymous_5)
FNDA:0,(anonymous_6)
DA:4,0
DA:12,0
DA:14,0
DA:21,0
DA:22,0
DA:26,0
DA:40,0
DA:41,0
DA:43,0
DA:44,0
DA:50,0
DA:51,0
DA:57,0
DA:59,0
DA:68,0
DA:69,0
DA:75,0
DA:76,0
DA:82,0
DA:84,0
DA:91,0
DA:92,0
DA:98,0
DA:99,0
DA:104,0
DA:106,0
DA:107,0
DA:109,0
DA:110,0
DA:116,0
DA:117,0
DA:123,0
DA:125,0
DA:128,0
DA:130,0
DA:131,0
LF:36
LH:0
BRDA:21,0,0,0
BRDA:21,0,1,0
BRDA:21,1,0,0
BRDA:21,1,1,0
BRDA:21,1,2,0
BRDA:40,2,0,0
BRDA:40,2,1,0
BRDA:49,3,0,0
BRDA:57,4,0,0
BRDA:57,4,1,0
BRDA:82,5,0,0
BRDA:82,5,1,0
BRDA:104,6,0,0
BRDA:104,6,1,0
BRDA:107,7,0,0
BRDA:107,7,1,0
BRDA:123,8,0,0
BRDA:123,8,1,0
BRDA:123,9,0,0
BRDA:123,9,1,0
BRF:20
BRH:0
end_of_record
TN:
SF:src/theme/colors.ts
FNF:0
FNH:0
DA:4,0
DA:49,0
DA:95,0
DA:97,0
DA:111,0
DA:120,0
LF:6
LH:0
BRF:0
BRH:0
end_of_record
TN:
SF:src/types/game.ts
FNF:0
FNH:0
LF:0
LH:0
BRF:0
BRH:0
end_of_record
TN:
SF:src/utils/avatarStorage.ts
FN:7,getAvatar
FN:17,setAvatar
FN:25,getAvatarOptions
FNF:3
FNH:0
FNDA:0,getAvatar
FNDA:0,setAvatar
FNDA:0,getAvatarOptions
DA:3,0
DA:5,0
DA:8,0
DA:9,0
DA:10,0
DA:12,0
DA:13,0
DA:18,0
DA:19,0
DA:21,0
DA:26,0
LF:11
LH:0
BRDA:10,0,0,0
BRDA:10,0,1,0
BRF:2
BRH:0
end_of_record
TN:
SF:src/utils/gameLogic.ts
FN:6,createEmptyGrid
FN:7,(anonymous_1)
FN:10,generateNextTile
FN:15,dropTile
FN:20,(anonymous_4)
FN:72,handleChainReaction
FN:78,(anonymous_6)
FN:78,(anonymous_7)
FN:110,isGameOver
FN:120,canDropInColumn
FNF:10
FNH:0
FNDA:0,createEmptyGrid
FNDA:0,(anonymous_1)
FNDA:0,generateNextTile
FNDA:0,dropTile
FNDA:0,(anonymous_4)
FNDA:0,handleChainReaction
FNDA:0,(anonymous_6)
FNDA:0,(anonymous_7)
FNDA:0,isGameOver
FNDA:0,canDropInColumn
DA:3,0
DA:4,0
DA:7,0
DA:11,0
DA:12,0
DA:20,0
DA:21,0
DA:22,0
DA:25,0
DA:26,0
DA:27,0
DA:30,0
DA:32,0
DA:36,0
DA:44,0
DA:47,0
DA:48,0
DA:49,0
DA:51,0
DA:59,0
DA:60,0
DA:61,0
DA:62,0
DA:65,0
DA:69,0
DA:78,0
DA:79,0
DA:80,0
DA:82,0
DA:83,0
DA:86,0
DA:87,0
DA:88,0
DA:89,0
DA:97,0
DA:98,0
DA:99,0
DA:100,0
DA:103,0
DA:107,0
DA:112,0
DA:113,0
DA:114,0
DA:117,0
DA:121,0
LF:45
LH:0
BRDA:26,0,0,0
BRDA:26,0,1,0
BRDA:30,1,0,0
BRDA:30,1,1,0
BRDA:47,2,0,0
BRDA:47,2,1,0
BRDA:49,3,0,0
BRDA:49,3,1,0
BRDA:49,4,0,0
BRDA:49,4,1,0
BRDA:78,5,0,0
BRDA:78,5,1,0
BRDA:83,6,0,0
BRDA:83,6,1,0
BRDA:86,7,0,0
BRDA:86,7,1,0
BRDA:88,8,0,0
BRDA:88,8,1,0
BRDA:88,9,0,0
BRDA:88,9,1,0
BRDA:113,10,0,0
BRDA:113,10,1,0
BRF:22
BRH:0
end_of_record
TN:
SF:src/utils/gameStorage.ts
FN:8,isValidGameState
FN:17,(anonymous_1)
FN:24,saveGameState
FN:38,loadGameState
FN:64,clearGameState
FN:74,hasSavedGame
FNF:6
FNH:0
FNDA:0,isValidGameState
FNDA:0,(anonymous_1)
FNDA:0,saveGameState
FNDA:0,loadGameState
FNDA:0,clearGameState
FNDA:0,hasSavedGame
DA:4,0
DA:5,0
DA:6,0
DA:9,0
DA:10,0
DA:13,0
DA:15,0
DA:17,0
DA:29,0
DA:30,0
DA:31,0
DA:32,0
DA:34,0
DA:43,0
DA:44,0
DA:45,0
DA:46,0
DA:48,0
DA:49,0
DA:51,0
DA:52,0
DA:54,0
DA:55,0
DA:57,0
DA:59,0
DA:60,0
DA:65,0
DA:66,0
DA:67,0
DA:68,0
DA:70,0
DA:75,0
DA:76,0
DA:77,0
DA:79,0
DA:80,0
LF:36
LH:0
BRDA:9,0,0,0
BRDA:9,0,1,0
BRDA:9,1,0,0
BRDA:9,1,1,0
BRDA:16,2,0,0
BRDA:16,2,1,0
BRDA:16,2,2,0
BRDA:16,2,3,0
BRDA:16,2,4,0
BRDA:48,3,0,0
BRDA:48,3,1,0
BRDA:49,4,0,0
BRDA:49,4,1,0
BRDA:51,5,0,0
BRDA:51,5,1,0
BRDA:52,6,0,0
BRDA:52,6,1,0
BRDA:54,7,0,0
BRDA:54,7,1,0
BRDA:55,8,0,0
BRDA:55,8,1,0
BRF:21
BRH:0
end_of_record
TN:
SF:src/utils/mergeLogic.ts
FN:11,makeId
FN:15,makeTile
FN:20,createEmptyGrid
FN:21,(anonymous_3)
FN:25,generateNextValue
FN:30,canDropInColumn
FN:41,isGameOver
FN:53,applyGravityToColumn
FN:54,(anonymous_8)
FN:58,(anonymous_9)
FN:68,getColumn
FN:69,(anonymous_11)
FN:73,setColumn
FN:80,applyGravityToGrid
FN:93,mergeHorizontal
FN:148,mergeVertical
FN:197,settleGrid
FN:224,dropTile
FN:234,(anonymous_18)
FN:236,(anonymous_19)
FNF:20
FNH:0
FNDA:0,makeId
FNDA:0,makeTile
FNDA:0,createEmptyGrid
FNDA:0,(anonymous_3)
FNDA:0,generateNextValue
FNDA:0,canDropInColumn
FNDA:0,isGameOver
FNDA:0,applyGravityToColumn
FNDA:0,(anonymous_8)
FNDA:0,(anonymous_9)
FNDA:0,getColumn
FNDA:0,(anonymous_11)
FNDA:0,setColumn
FNDA:0,applyGravityToGrid
FNDA:0,mergeHorizontal
FNDA:0,mergeVertical
FNDA:0,settleGrid
FNDA:0,dropTile
FNDA:0,(anonymous_18)
FNDA:0,(anonymous_19)
DA:3,0
DA:4,0
DA:12,0
DA:16,0
DA:21,0
DA:26,0
DA:27,0
DA:32,0
DA:33,0
DA:34,0
DA:35,0
DA:38,0
DA:43,0
DA:44,0
DA:46,0
DA:54,0
DA:55,0
DA:58,0
DA:59,0
DA:60,0
DA:64,0
DA:69,0
DA:74,0
DA:75,0
DA:81,0
DA:82,0
DA:83,0
DA:94,0
DA:95,0
DA:97,0
DA:98,0
DA:99,0
DA:101,0
DA:102,0
DA:103,0
DA:104,0
DA:106,0
DA:107,0
DA:108,0
DA:110,0
DA:111,0
DA:112,0
DA:113,0
DA:114,0
DA:115,0
DA:116,0
DA:121,0
DA:122,0
DA:123,0
DA:125,0
DA:126,0
DA:127,0
DA:129,0
DA:130,0
DA:131,0
DA:132,0
DA:133,0
DA:134,0
DA:137,0
DA:141,0
DA:149,0
DA:150,0
DA:152,0
DA:153,0
DA:154,0
DA:155,0
DA:158,0
DA:159,0
DA:161,0
DA:162,0
DA:163,0
DA:165,0
DA:166,0
DA:167,0
DA:168,0
DA:169,0
DA:170,0
DA:171,0
DA:177,0
DA:178,0
DA:179,0
DA:181,0
DA:182,0
DA:183,0
DA:184,0
DA:185,0
DA:190,0
DA:198,0
DA:200,0
DA:201,0
DA:203,0
DA:204,0
DA:206,0
DA:208,0
DA:209,0
DA:211,0
DA:215,0
DA:217,0
DA:229,0
DA:230,0
DA:234,0
DA:235,0
DA:236,0
DA:237,0
DA:238,0
DA:243,0
DA:246,0
DA:249,0
DA:251,0
LF:109
LH:0
BRDA:15,0,0,0
BRDA:34,1,0,0
BRDA:34,1,1,0
BRDA:34,2,0,0
BRDA:34,2,1,0
BRDA:44,3,0,0
BRDA:44,3,1,0
BRDA:59,4,0,0
BRDA:59,4,1,0
BRDA:59,5,0,0
BRDA:59,5,1,0
BRDA:75,6,0,0
BRDA:75,6,1,0
BRDA:101,7,0,0
BRDA:101,7,1,0
BRDA:106,8,0,0
BRDA:106,8,1,0
BRDA:106,9,0,0
BRDA:106,9,1,0
BRDA:106,9,2,0
BRDA:106,9,3,0
BRDA:106,9,4,0
BRDA:121,10,0,0
BRDA:121,10,1,0
BRDA:125,11,0,0
BRDA:125,11,1,0
BRDA:125,12,0,0
BRDA:125,12,1,0
BRDA:125,12,2,0
BRDA:158,13,0,0
BRDA:158,13,1,0
BRDA:161,14,0,0
BRDA:161,14,1,0
BRDA:161,15,0,0
BRDA:161,15,1,0
BRDA:161,15,2,0
BRDA:161,15,3,0
BRDA:161,15,4,0
BRDA:177,16,0,0
BRDA:177,16,1,0
BRDA:177,17,0,0
BRDA:177,17,1,0
BRDA:177,17,2,0
BRDA:211,18,0,0
BRDA:211,18,1,0
BRDA:211,19,0,0
BRDA:211,19,1,0
BRDA:229,20,0,0
BRDA:229,20,1,0
BRDA:235,21,0,0
BRDA:235,21,1,0
BRDA:238,22,0,0
BRDA:238,22,1,0
BRF:53
BRH:0
end_of_record
TN:
SF:src/utils/settingsStorage.ts
FN:19,loadSettings
FN:31,saveSettings
FN:39,updateSetting
FNF:3
FNH:0
FNDA:0,loadSettings
FNDA:0,saveSettings
FNDA:0,updateSetting
DA:3,0
DA:12,0
DA:20,0
DA:21,0
DA:22,0
DA:23,0
DA:26,0
DA:28,0
DA:32,0
DA:33,0
DA:35,0
DA:43,0
DA:44,0
DA:45,0
LF:14
LH:0
BRDA:22,0,0,0
BRDA:22,0,1,0
BRF:2
BRH:0
end_of_record
TN:
SF:src/utils/soundManager.ts
FN:8,(anonymous_0)
FN:12,(anonymous_1)
FN:16,(anonymous_2)
FN:20,(anonymous_3)
FN:24,(anonymous_4)
FN:28,(anonymous_5)
FN:32,(anonymous_6)
FN:36,(anonymous_7)
FN:40,(anonymous_8)
FN:44,(anonymous_9)
FN:48,(anonymous_10)
FN:52,(anonymous_11)
FN:56,(anonymous_12)
FN:60,(anonymous_13)
FN:64,(anonymous_14)
FNF:15
FNH:0
FNDA:0,(anonymous_0)
FNDA:0,(anonymous_1)
FNDA:0,(anonymous_2)
FNDA:0,(anonymous_3)
FNDA:0,(anonymous_4)
FNDA:0,(anonymous_5)
FNDA:0,(anonymous_6)
FNDA:0,(anonymous_7)
FNDA:0,(anonymous_8)
FNDA:0,(anonymous_9)
FNDA:0,(anonymous_10)
FNDA:0,(anonymous_11)
FNDA:0,(anonymous_12)
FNDA:0,(anonymous_13)
FNDA:0,(anonymous_14)
DA:4,0
DA:5,0
DA:6,0
DA:41,0
DA:45,0
DA:49,0
DA:53,0
DA:57,0
DA:61,0
DA:70,0
LF:10
LH:0
BRF:0
BRH:0
end_of_record
TN:
SF:src/utils/specialTiles.ts
FN:10,generateSpecialTile
FN:26,applyBombEffect
FN:37,applyMultiplierEffect
FN:44,hasBombTile
FN:51,hasRainbowTile
FN:58,hasAnyBomb
FN:59,(anonymous_6)
FN:65,hasAnyRainbow
FN:66,(anonymous_8)
FN:73,canRainbowMerge
FN:74,(anonymous_10)
FN:74,(anonymous_11)
FN:80,calculateMergeValue
FN:81,(anonymous_13)
FN:83,(anonymous_14)
FN:83,(anonymous_15)
FN:92,calculateScoreWithMultipliers
FN:105,applySpecialTileToMerged
FNF:18
FNH:0
FNDA:0,generateSpecialTile
FNDA:0,applyBombEffect
FNDA:0,applyMultiplierEffect
FNDA:0,hasBombTile
FNDA:0,hasRainbowTile
FNDA:0,hasAnyBomb
FNDA:0,(anonymous_6)
FNDA:0,hasAnyRainbow
FNDA:0,(anonymous_8)
FNDA:0,canRainbowMerge
FNDA:0,(anonymous_10)
FNDA:0,(anonymous_11)
FNDA:0,calculateMergeValue
FNDA:0,(anonymous_13)
FNDA:0,(anonymous_14)
FNDA:0,(anonymous_15)
FNDA:0,calculateScoreWithMultipliers
FNDA:0,applySpecialTileToMerged
DA:3,0
DA:4,0
DA:11,0
DA:14,0
DA:16,0
DA:17,0
DA:18,0
DA:20,0
DA:27,0
DA:28,0
DA:29,0
DA:38,0
DA:45,0
DA:52,0
DA:59,0
DA:66,0
DA:74,0
DA:81,0
DA:82,0
DA:83,0
DA:84,0
DA:86,0
DA:93,0
DA:94,0
DA:95,0
DA:96,0
DA:99,0
DA:109,0
DA:111,0
DA:112,0
DA:113,0
DA:115,0
LF:32
LH:0
BRDA:16,0,0,0
BRDA:16,0,1,0
BRDA:17,1,0,0
BRDA:17,1,1,0
BRDA:18,2,0,0
BRDA:18,2,1,0
BRDA:38,3,0,0
BRDA:38,3,1,0
BRDA:74,4,0,0
BRDA:74,4,1,0
BRDA:82,5,0,0
BRDA:82,5,1,0
BRDA:95,6,0,0
BRDA:95,6,1,0
BRDA:109,7,0,0
BRDA:109,7,1,0
BRDA:112,8,0,0
BRDA:112,8,1,0
BRF:18
BRH:0
end_of_record
TN:
SF:src/utils/statsStorage.ts
FN:13,loadStats
FN:26,saveStats
FN:34,updateStats
FN:52,clearStats
FNF:4
FNH:0
FNDA:0,loadStats
FNDA:0,saveStats
FNDA:0,updateStats
FNDA:0,clearStats
DA:4,0
DA:6,0
DA:14,0
DA:15,0
DA:16,0
DA:17,0
DA:19,0
DA:21,0
DA:22,0
DA:27,0
DA:28,0
DA:30,0
DA:39,0
DA:41,0
DA:48,0
DA:49,0
DA:53,0
DA:54,0
DA:56,0
LF:19
LH:0
BRDA:16,0,0,0
BRDA:16,0,1,0
BRF:2
BRH:0
end_of_record
TN:
SF:src/utils/tutorialStorage.ts
FN:5,hasCompletedTutorial
FN:15,markTutorialCompleted
FN:23,resetTutorial
FNF:3
FNH:0
FNDA:0,hasCompletedTutorial
FNDA:0,markTutorialCompleted
FNDA:0,resetTutorial
DA:3,0
DA:6,0
DA:7,0
DA:8,0
DA:10,0
DA:11,0
DA:16,0
DA:17,0
DA:19,0
DA:24,0
DA:25,0
DA:27,0
LF:12
LH:0
BRF:0
BRH:0
end_of_record
